Copyright 1986-2022 Xilinx, Inc. All Rights Reserved. Copyright 2022-2025 Advanced Micro Devices, Inc. All Rights Reserved.
---------------------------------------------------------------------------------------------------------------------------------------------------------------------------------------------------------------------------------------------------
| Tool Version      : Vivado v.2025.1 (lin64) Build 6140274 Wed May 21 22:58:25 MDT 2025
| Date              : Mon May 25 22:04:08 2026
| Host              : KHA-PC running 64-bit Ubuntu 25.10
| Command           : report_timing_summary -file /home/kevin/Dev/Imperial/HGQ2-examples/jsc150/masters_results_5/demoA_n64_xcau7p/paper_baseline/epoch=4433-val_acc=0.817-ebops=40646-val_loss=0.534/output_jsc/reports/jsc_post_place_timing.rpt
| Design            : jsc
| Device            : xcau7p-sbvc484
| Speed File        : -2  PRODUCTION 1.04 04-20-2024
| Design State      : Physopt postPlace
| Temperature Grade : E
---------------------------------------------------------------------------------------------------------------------------------------------------------------------------------------------------------------------------------------------------

Timing Summary Report

------------------------------------------------------------------------------------------------
| Timer Settings
| --------------
------------------------------------------------------------------------------------------------

  Enable Multi Corner Analysis               :  Yes
  Enable Pessimism Removal                   :  Yes
  Pessimism Removal Resolution               :  Nearest Common Node
  Enable Input Delay Default Clock           :  No
  Enable Preset / Clear Arcs                 :  No
  Disable Flight Delays                      :  No
  Ignore I/O Paths                           :  No
  Timing Early Launch at Borrowing Latches   :  No
  Borrow Time for Max Delay Exceptions       :  Yes
  Merge Timing Exceptions                    :  Yes
  Inter-SLR Compensation                     :  Conservative

  Corner  Analyze    Analyze    
  Name    Max Paths  Min Paths  
  ------  ---------  ---------  
  Slow    Yes        Yes        
  Fast    Yes        Yes        


------------------------------------------------------------------------------------------------
| Report Methodology
| ------------------
------------------------------------------------------------------------------------------------

No report available as report_methodology has not been run prior. Run report_methodology on the current design for the summary of methodology violations.



check_timing report

Table of Contents
-----------------
1. checking no_clock (0)
2. checking constant_clock (0)
3. checking pulse_width_clock (0)
4. checking unconstrained_internal_endpoints (0)
5. checking no_input_delay (0)
6. checking no_output_delay (0)
7. checking multiple_clock (0)
8. checking generated_clocks (0)
9. checking loops (0)
10. checking partial_input_delay (0)
11. checking partial_output_delay (0)
12. checking latch_loops (0)

1. checking no_clock (0)
------------------------
 There are 0 register/latch pins with no clock.


2. checking constant_clock (0)
------------------------------
 There are 0 register/latch pins with constant_clock.


3. checking pulse_width_clock (0)
---------------------------------
 There are 0 register/latch pins which need pulse_width check


4. checking unconstrained_internal_endpoints (0)
------------------------------------------------
 There are 0 pins that are not constrained for maximum delay.

 There are 0 pins that are not constrained for maximum delay due to constant clock.


5. checking no_input_delay (0)
------------------------------
 There are 0 input ports with no input delay specified.

 There are 0 input ports with no input delay but user has a false path constraint.


6. checking no_output_delay (0)
-------------------------------
 There are 0 ports with no output delay specified.

 There are 0 ports with no output delay but user has a false path constraint

 There are 0 ports with no output delay but with a timing clock defined on it or propagating through it


7. checking multiple_clock (0)
------------------------------
 There are 0 register/latch pins with multiple clocks.


8. checking generated_clocks (0)
--------------------------------
 There are 0 generated clocks that are not connected to a clock source.


9. checking loops (0)
---------------------
 There are 0 combinational loops in the design.


10. checking partial_input_delay (0)
------------------------------------
 There are 0 input ports with partial input delay specified.


11. checking partial_output_delay (0)
-------------------------------------
 There are 0 ports with partial output delay specified.


12. checking latch_loops (0)
----------------------------
 There are 0 combinational latch loops in the design through latch input



------------------------------------------------------------------------------------------------
| Design Timing Summary
| ---------------------
------------------------------------------------------------------------------------------------

    WNS(ns)      TNS(ns)  TNS Failing Endpoints  TNS Total Endpoints      WHS(ns)      THS(ns)  THS Failing Endpoints  THS Total Endpoints     WPWS(ns)     TPWS(ns)  TPWS Failing Endpoints  TPWS Total Endpoints  
    -------      -------  ---------------------  -------------------      -------      -------  ---------------------  -------------------     --------     --------  ----------------------  --------------------  
     -0.037       -0.118                      5                20642        0.022        0.000                      0                20642        0.968        0.000                       0                 20582  


Timing constraints are not met.


------------------------------------------------------------------------------------------------
| Clock Summary
| -------------
------------------------------------------------------------------------------------------------

Clock    Waveform(ns)         Period(ns)      Frequency(MHz)
-----    ------------         ----------      --------------
sys_clk  {0.000 1.500}        3.000           333.333         


------------------------------------------------------------------------------------------------
| Intra Clock Table
| -----------------
------------------------------------------------------------------------------------------------

Clock             WNS(ns)      TNS(ns)  TNS Failing Endpoints  TNS Total Endpoints      WHS(ns)      THS(ns)  THS Failing Endpoints  THS Total Endpoints     WPWS(ns)     TPWS(ns)  TPWS Failing Endpoints  TPWS Total Endpoints  
-----             -------      -------  ---------------------  -------------------      -------      -------  ---------------------  -------------------     --------     --------  ----------------------  --------------------  
sys_clk            -0.037       -0.118                      5                20642        0.022        0.000                      0                20642        0.968        0.000                       0                 20582  


------------------------------------------------------------------------------------------------
| Inter Clock Table
| -----------------
------------------------------------------------------------------------------------------------

From Clock    To Clock          WNS(ns)      TNS(ns)  TNS Failing Endpoints  TNS Total Endpoints      WHS(ns)      THS(ns)  THS Failing Endpoints  THS Total Endpoints  
----------    --------          -------      -------  ---------------------  -------------------      -------      -------  ---------------------  -------------------  


------------------------------------------------------------------------------------------------
| Other Path Groups Table
| -----------------------
------------------------------------------------------------------------------------------------

Path Group    From Clock    To Clock          WNS(ns)      TNS(ns)  TNS Failing Endpoints  TNS Total Endpoints      WHS(ns)      THS(ns)  THS Failing Endpoints  THS Total Endpoints  
----------    ----------    --------          -------      -------  ---------------------  -------------------      -------      -------  ---------------------  -------------------  


------------------------------------------------------------------------------------------------
| Timing Details
| --------------
------------------------------------------------------------------------------------------------


---------------------------------------------------------------------------------------------------
From Clock:  sys_clk
  To Clock:  sys_clk

Setup :            5  Failing Endpoints,  Worst Slack       -0.037ns,  Total Violation       -0.118ns
Hold  :            0  Failing Endpoints,  Worst Slack        0.022ns,  Total Violation        0.000ns
PW    :            0  Failing Endpoints,  Worst Slack        0.968ns,  Total Violation        0.000ns
---------------------------------------------------------------------------------------------------


Max Delay Paths
--------------------------------------------------------------------------------------
Slack (VIOLATED) :        -0.037ns  (required time - arrival time)
  Source:                 stage6_inp_reg[307]/C
                            (rising edge-triggered cell FDRE clocked by sys_clk  {rise@0.000ns fall@1.500ns period=3.000ns})
  Destination:            stage7_inp_reg[545]/D
                            (rising edge-triggered cell FDRE clocked by sys_clk  {rise@0.000ns fall@1.500ns period=3.000ns})
  Path Group:             sys_clk
  Path Type:              Setup (Max at Slow Process Corner)
  Requirement:            3.000ns  (sys_clk rise@3.000ns - sys_clk rise@0.000ns)
  Data Path Delay:        3.019ns  (logic 1.086ns (35.972%)  route 1.933ns (64.028%))
  Logic Levels:           8  (CARRY8=6 LUT2=2)
  Clock Path Skew:        -0.008ns (DCD - SCD + CPR)
    Destination Clock Delay (DCD):    0.020ns = ( 3.020 - 3.000 ) 
    Source Clock Delay      (SCD):    0.028ns
    Clock Pessimism Removal (CPR):    0.000ns
  Clock Uncertainty:      0.035ns  ((TSJ^2 + TIJ^2)^1/2 + DJ) / 2 + PE + UU
    Total System Jitter     (TSJ):    0.071ns
    Total Input Jitter      (TIJ):    0.000ns
    Discrete Jitter          (DJ):    0.000ns
    Phase Error              (PE):    0.000ns
    User Uncertainty         (UU):    0.000ns

    Location             Delay type                Incr(ns)  Path(ns)    Netlist Resource(s)
  -------------------------------------------------------------------    -------------------
                         (clock sys_clk rise edge)    0.000     0.000 r  
                                                      0.000     0.000 r  clk (IN)
                         net (fo=20581, unset)        0.028     0.028    clk
    SLICE_X12Y36         FDRE                                         r  stage6_inp_reg[307]/C
  -------------------------------------------------------------------    -------------------
    SLICE_X12Y36         FDRE (Prop_DFF_SLICEL_C_Q)
                                                      0.079     0.107 r  stage6_inp_reg[307]/Q
                         net (fo=1, estimated)        0.168     0.275    stage6_inp_reg_n_0_[307]
    SLICE_X12Y37         CARRY8 (Prop_CARRY8_SLICEL_S[0]_O[5])
                                                      0.238     0.513 r  stage6/op_35/accum_carry/O[5]
                         net (fo=1, estimated)        0.389     0.902    stage6/op_35/accum_carry_n_10
    SLICE_X12Y24         LUT2 (Prop_F6LUT_SLICEL_I1_O)
                                                      0.035     0.937 r  accum__44_carry_i_3/O
                         net (fo=1, routed)           0.011     0.948    accum__44_carry_i_3_n_0
    SLICE_X12Y24         CARRY8 (Prop_CARRY8_SLICEL_S[5]_CO[7])
                                                      0.155     1.103 r  stage6/op_104/accum__44_carry/CO[7]
                         net (fo=1, estimated)        0.026     1.129    stage6/op_104/accum__44_carry_n_0
    SLICE_X12Y25         CARRY8 (Prop_CARRY8_SLICEL_CI_O[1])
                                                      0.076     1.205 r  stage6/op_104/accum__44_carry__0/O[1]
                         net (fo=1, estimated)        0.514     1.719    stage6/op_104/accum__44_carry__0_n_14
    SLICE_X5Y24          LUT2 (Prop_B6LUT_SLICEM_I1_O)
                                                      0.037     1.756 r  accum_carry__0_i_7__28/O
                         net (fo=1, routed)           0.016     1.772    accum_carry__0_i_7__28_n_0
    SLICE_X5Y24          CARRY8 (Prop_CARRY8_SLICEM_S[1]_O[5])
                                                      0.237     2.009 r  stage6/op_124/accum_carry__0/O[5]
                         net (fo=9, estimated)        0.758     2.767    stage6/op_124/accum_carry__0_n_10
    SLICE_X3Y59          CARRY8 (Prop_CARRY8_SLICEL_S[4]_CO[7])
                                                      0.153     2.920 r  stage6/op_171/accum_carry/CO[7]
                         net (fo=1, estimated)        0.026     2.946    stage6/op_171/accum_carry_n_0
    SLICE_X3Y60          CARRY8 (Prop_CARRY8_SLICEL_CI_O[1])
                                                      0.076     3.022 r  stage6/op_171/accum_carry__0/O[1]
                         net (fo=1, routed)           0.025     3.047    stage6/op_171/accum_carry__0_n_14
    SLICE_X3Y60          FDRE                                         r  stage7_inp_reg[545]/D
  -------------------------------------------------------------------    -------------------

                         (clock sys_clk rise edge)    3.000     3.000 r  
                                                      0.000     3.000 r  clk (IN)
                         net (fo=20581, unset)        0.020     3.020    clk
    SLICE_X3Y60          FDRE                                         r  stage7_inp_reg[545]/C
                         clock pessimism              0.000     3.020    
                         clock uncertainty           -0.035     2.985    
    SLICE_X3Y60          FDRE (Setup_BFF_SLICEL_C_D)
                                                      0.025     3.010    stage7_inp_reg[545]
  -------------------------------------------------------------------
                         required time                          3.010    
                         arrival time                          -3.047    
  -------------------------------------------------------------------
                         slack                                 -0.037    





Min Delay Paths
--------------------------------------------------------------------------------------
Slack (MET) :             0.022ns  (arrival time - required time)
  Source:                 stage3_inp_reg[786]/C
                            (rising edge-triggered cell FDRE clocked by sys_clk  {rise@0.000ns fall@1.500ns period=3.000ns})
  Destination:            stage4_inp_reg[836]/D
                            (rising edge-triggered cell FDRE clocked by sys_clk  {rise@0.000ns fall@1.500ns period=3.000ns})
  Path Group:             sys_clk
  Path Type:              Hold (Min at Fast Process Corner)
  Requirement:            0.000ns  (sys_clk rise@0.000ns - sys_clk rise@0.000ns)
  Data Path Delay:        0.075ns  (logic 0.039ns (52.000%)  route 0.036ns (48.000%))
  Logic Levels:           0  
  Clock Path Skew:        0.006ns (DCD - SCD - CPR)
    Destination Clock Delay (DCD):    0.019ns
    Source Clock Delay      (SCD):    0.013ns
    Clock Pessimism Removal (CPR):    -0.000ns

    Location             Delay type                Incr(ns)  Path(ns)    Netlist Resource(s)
  -------------------------------------------------------------------    -------------------
                         (clock sys_clk rise edge)    0.000     0.000 r  
                                                      0.000     0.000 r  clk (IN)
                         net (fo=20581, unset)        0.013     0.013    clk
    SLICE_X14Y60         FDRE                                         r  stage3_inp_reg[786]/C
  -------------------------------------------------------------------    -------------------
    SLICE_X14Y60         FDRE (Prop_GFF_SLICEL_C_Q)
                                                      0.039     0.052 r  stage3_inp_reg[786]/Q
                         net (fo=1, estimated)        0.036     0.088    stage3_inp[786]
    SLICE_X14Y60         FDRE                                         r  stage4_inp_reg[836]/D
  -------------------------------------------------------------------    -------------------

                         (clock sys_clk rise edge)    0.000     0.000 r  
                                                      0.000     0.000 r  clk (IN)
                         net (fo=20581, unset)        0.019     0.019    clk
    SLICE_X14Y60         FDRE                                         r  stage4_inp_reg[836]/C
                         clock pessimism              0.000     0.019    
    SLICE_X14Y60         FDRE (Hold_EFF2_SLICEL_C_D)
                                                      0.047     0.066    stage4_inp_reg[836]
  -------------------------------------------------------------------
                         required time                         -0.066    
                         arrival time                           0.088    
  -------------------------------------------------------------------
                         slack                                  0.022    





Pulse Width Checks
--------------------------------------------------------------------------------------
Clock Name:         sys_clk
Waveform(ns):       { 0.000 1.500 }
Period(ns):         3.000
Sources:            { clk }

Check Type        Corner  Lib Pin     Reference Pin  Required(ns)  Actual(ns)  Slack(ns)  Location      Pin
Min Period        n/a     SRL16E/CLK  n/a            1.064         3.000       1.936      SLICE_X8Y178  stage10_inp_reg[113]_srl2/CLK
Low Pulse Width   Slow    SRL16E/CLK  n/a            0.532         1.500       0.968      SLICE_X8Y178  stage10_inp_reg[113]_srl2/CLK
High Pulse Width  Slow    SRL16E/CLK  n/a            0.532         1.500       0.968      SLICE_X8Y178  stage10_inp_reg[113]_srl2/CLK



