Copyright 1986-2022 Xilinx, Inc. All Rights Reserved. Copyright 2022-2025 Advanced Micro Devices, Inc. All Rights Reserved.
----------------------------------------------------------------------------------------------------------------------------------------------------------------------------------------------------------------------------------------------------
| Tool Version      : Vivado v.2025.1 (lin64) Build 6140274 Wed May 21 22:58:25 MDT 2025
| Date              : Mon May 25 22:05:23 2026
| Host              : KHA-PC running 64-bit Ubuntu 25.10
| Command           : report_timing_summary -file /home/kevin/Dev/Imperial/HGQ2-examples/jsc150/masters_results_5/demoA_n64_xcau7p/bram_6_10__none/epoch=4433-val_acc=0.817-ebops=40646-val_loss=0.534/output_jsc/reports/jsc_post_route_timing.rpt
| Design            : jsc
| Device            : xcau7p-sbvc484
| Speed File        : -2  PRODUCTION 1.04 04-20-2024
| Design State      : Routed
| Temperature Grade : E
----------------------------------------------------------------------------------------------------------------------------------------------------------------------------------------------------------------------------------------------------

Timing Summary Report

------------------------------------------------------------------------------------------------
| Timer Settings
| --------------
------------------------------------------------------------------------------------------------

  Enable Multi Corner Analysis               :  Yes
  Enable Pessimism Removal                   :  Yes
  Pessimism Removal Resolution               :  Nearest Common Node
  Enable Input Delay Default Clock           :  No
  Enable Preset / Clear Arcs                 :  No
  Disable Flight Delays                      :  No
  Ignore I/O Paths                           :  No
  Timing Early Launch at Borrowing Latches   :  No
  Borrow Time for Max Delay Exceptions       :  Yes
  Merge Timing Exceptions                    :  Yes
  Inter-SLR Compensation                     :  Conservative

  Corner  Analyze    Analyze    
  Name    Max Paths  Min Paths  
  ------  ---------  ---------  
  Slow    Yes        Yes        
  Fast    Yes        Yes        


------------------------------------------------------------------------------------------------
| Report Methodology
| ------------------
------------------------------------------------------------------------------------------------

No report available as report_methodology has not been run prior. Run report_methodology on the current design for the summary of methodology violations.



check_timing report

Table of Contents
-----------------
1. checking no_clock (0)
2. checking constant_clock (0)
3. checking pulse_width_clock (0)
4. checking unconstrained_internal_endpoints (0)
5. checking no_input_delay (0)
6. checking no_output_delay (0)
7. checking multiple_clock (0)
8. checking generated_clocks (0)
9. checking loops (0)
10. checking partial_input_delay (0)
11. checking partial_output_delay (0)
12. checking latch_loops (0)

1. checking no_clock (0)
------------------------
 There are 0 register/latch pins with no clock.


2. checking constant_clock (0)
------------------------------
 There are 0 register/latch pins with constant_clock.


3. checking pulse_width_clock (0)
---------------------------------
 There are 0 register/latch pins which need pulse_width check


4. checking unconstrained_internal_endpoints (0)
------------------------------------------------
 There are 0 pins that are not constrained for maximum delay.

 There are 0 pins that are not constrained for maximum delay due to constant clock.


5. checking no_input_delay (0)
------------------------------
 There are 0 input ports with no input delay specified.

 There are 0 input ports with no input delay but user has a false path constraint.


6. checking no_output_delay (0)
-------------------------------
 There are 0 ports with no output delay specified.

 There are 0 ports with no output delay but user has a false path constraint

 There are 0 ports with no output delay but with a timing clock defined on it or propagating through it


7. checking multiple_clock (0)
------------------------------
 There are 0 register/latch pins with multiple clocks.


8. checking generated_clocks (0)
--------------------------------
 There are 0 generated clocks that are not connected to a clock source.


9. checking loops (0)
---------------------
 There are 0 combinational loops in the design.


10. checking partial_input_delay (0)
------------------------------------
 There are 0 input ports with partial input delay specified.


11. checking partial_output_delay (0)
-------------------------------------
 There are 0 ports with partial output delay specified.


12. checking latch_loops (0)
----------------------------
 There are 0 combinational latch loops in the design through latch input



------------------------------------------------------------------------------------------------
| Design Timing Summary
| ---------------------
------------------------------------------------------------------------------------------------

    WNS(ns)      TNS(ns)  TNS Failing Endpoints  TNS Total Endpoints      WHS(ns)      THS(ns)  THS Failing Endpoints  THS Total Endpoints     WPWS(ns)     TPWS(ns)  TPWS Failing Endpoints  TPWS Total Endpoints  
    -------      -------  ---------------------  -------------------      -------      -------  ---------------------  -------------------     --------     --------  ----------------------  --------------------  
     -0.463      -47.404                    473                35607        0.019        0.000                      0                35607        0.958        0.000                       0                 35322  


Timing constraints are not met.


------------------------------------------------------------------------------------------------
| Clock Summary
| -------------
------------------------------------------------------------------------------------------------

Clock    Waveform(ns)         Period(ns)      Frequency(MHz)
-----    ------------         ----------      --------------
sys_clk  {0.000 1.500}        3.000           333.333         


------------------------------------------------------------------------------------------------
| Intra Clock Table
| -----------------
------------------------------------------------------------------------------------------------

Clock             WNS(ns)      TNS(ns)  TNS Failing Endpoints  TNS Total Endpoints      WHS(ns)      THS(ns)  THS Failing Endpoints  THS Total Endpoints     WPWS(ns)     TPWS(ns)  TPWS Failing Endpoints  TPWS Total Endpoints  
-----             -------      -------  ---------------------  -------------------      -------      -------  ---------------------  -------------------     --------     --------  ----------------------  --------------------  
sys_clk            -0.463      -47.404                    473                35607        0.019        0.000                      0                35607        0.958        0.000                       0                 35322  


------------------------------------------------------------------------------------------------
| Inter Clock Table
| -----------------
------------------------------------------------------------------------------------------------

From Clock    To Clock          WNS(ns)      TNS(ns)  TNS Failing Endpoints  TNS Total Endpoints      WHS(ns)      THS(ns)  THS Failing Endpoints  THS Total Endpoints  
----------    --------          -------      -------  ---------------------  -------------------      -------      -------  ---------------------  -------------------  


------------------------------------------------------------------------------------------------
| Other Path Groups Table
| -----------------------
------------------------------------------------------------------------------------------------

Path Group    From Clock    To Clock          WNS(ns)      TNS(ns)  TNS Failing Endpoints  TNS Total Endpoints      WHS(ns)      THS(ns)  THS Failing Endpoints  THS Total Endpoints  
----------    ----------    --------          -------      -------  ---------------------  -------------------      -------      -------  ---------------------  -------------------  


------------------------------------------------------------------------------------------------
| Timing Details
| --------------
------------------------------------------------------------------------------------------------


---------------------------------------------------------------------------------------------------
From Clock:  sys_clk
  To Clock:  sys_clk

Setup :          473  Failing Endpoints,  Worst Slack       -0.463ns,  Total Violation      -47.404ns
Hold  :            0  Failing Endpoints,  Worst Slack        0.019ns,  Total Violation        0.000ns
PW    :            0  Failing Endpoints,  Worst Slack        0.958ns,  Total Violation        0.000ns
---------------------------------------------------------------------------------------------------


Max Delay Paths
--------------------------------------------------------------------------------------
Slack (VIOLATED) :        -0.463ns  (required time - arrival time)
  Source:                 stage2_inp_reg[2112]/C
                            (rising edge-triggered cell FDRE clocked by sys_clk  {rise@0.000ns fall@1.500ns period=3.000ns})
  Destination:            stage5/v168_reg[1]_srl3/D
                            (rising edge-triggered cell SRL16E clocked by sys_clk  {rise@0.000ns fall@1.500ns period=3.000ns})
  Path Group:             sys_clk
  Path Type:              Setup (Max at Slow Process Corner)
  Requirement:            3.000ns  (sys_clk rise@3.000ns - sys_clk rise@0.000ns)
  Data Path Delay:        3.382ns  (logic 0.496ns (14.667%)  route 2.886ns (85.333%))
  Logic Levels:           6  (LUT2=1 LUT3=1 LUT5=1 LUT6=3)
  Clock Path Skew:        0.015ns (DCD - SCD + CPR)
    Destination Clock Delay (DCD):    0.043ns = ( 3.043 - 3.000 ) 
    Source Clock Delay      (SCD):    0.028ns
    Clock Pessimism Removal (CPR):    0.000ns
  Clock Uncertainty:      0.035ns  ((TSJ^2 + TIJ^2)^1/2 + DJ) / 2 + PE + UU
    Total System Jitter     (TSJ):    0.071ns
    Total Input Jitter      (TIJ):    0.000ns
    Discrete Jitter          (DJ):    0.000ns
    Phase Error              (PE):    0.000ns
    User Uncertainty         (UU):    0.000ns

    Location             Delay type                Incr(ns)  Path(ns)    Netlist Resource(s)
  -------------------------------------------------------------------    -------------------
                         (clock sys_clk rise edge)    0.000     0.000 r  
                                                      0.000     0.000 r  clk (IN)
                         net (fo=35321, unset)        0.028     0.028    clk
    SLICE_X12Y149        FDRE                                         r  stage2_inp_reg[2112]/C
  -------------------------------------------------------------------    -------------------
    SLICE_X12Y149        FDRE (Prop_AFF_SLICEL_C_Q)
                                                      0.079     0.107 r  stage2_inp_reg[2112]/Q
                         net (fo=8, routed)           0.176     0.283    stage2_inp[2112]
    SLICE_X12Y150        LUT6 (Prop_H6LUT_SLICEL_I3_O)
                                                      0.124     0.407 r  g0_b0__92_i_13/O
                         net (fo=3, routed)           0.382     0.789    g0_b0__92_i_13_n_0
    SLICE_X11Y150        LUT5 (Prop_H6LUT_SLICEM_I2_O)
                                                      0.053     0.842 r  g0_b0__92_i_10/O
                         net (fo=7, routed)           0.474     1.316    g0_b0__92_i_10_n_0
    SLICE_X12Y151        LUT3 (Prop_H5LUT_SLICEL_I0_O)
                                                      0.065     1.381 r  g0_b1__285_i_2/O
                         net (fo=6, routed)           0.528     1.909    g0_b1__285_i_2_n_0
    SLICE_X11Y147        LUT6 (Prop_H6LUT_SLICEM_I5_O)
                                                      0.039     1.948 r  g0_b1__285_i_6/O
                         net (fo=9, routed)           0.443     2.391    stage2/v4640[3]
    SLICE_X12Y145        LUT6 (Prop_H6LUT_SLICEL_I5_O)
                                                      0.036     2.427 r  i__i_2__30/O
                         net (fo=6, routed)           0.587     3.015    stage2/v4640[1]
    SLICE_X11Y132        LUT2 (Prop_A5LUT_SLICEM_I1_O)
                                                      0.100     3.115 r  stage2/op_6341/accum/i_/O
                         net (fo=1, routed)           0.295     3.410    stage3_inp[4397]
    SLICE_X11Y141        SRL16E                                       r  stage5/v168_reg[1]_srl3/D
  -------------------------------------------------------------------    -------------------

                         (clock sys_clk rise edge)    3.000     3.000 r  
                                                      0.000     3.000 r  clk (IN)
                         net (fo=35321, unset)        0.043     3.043    clk
    SLICE_X11Y141        SRL16E                                       r  stage5/v168_reg[1]_srl3/CLK
                         clock pessimism              0.000     3.043    
                         clock uncertainty           -0.035     3.008    
    SLICE_X11Y141        SRL16E (Setup_B6LUT_SLICEM_CLK_D)
                                                     -0.061     2.947    stage5/v168_reg[1]_srl3
  -------------------------------------------------------------------
                         required time                          2.947    
                         arrival time                          -3.410    
  -------------------------------------------------------------------
                         slack                                 -0.463    





Min Delay Paths
--------------------------------------------------------------------------------------
Slack (MET) :             0.019ns  (arrival time - required time)
  Source:                 stage3/v558_reg[2]/C
                            (rising edge-triggered cell FDRE clocked by sys_clk  {rise@0.000ns fall@1.500ns period=3.000ns})
  Destination:            stage4_inp_reg[2430]/D
                            (rising edge-triggered cell FDRE clocked by sys_clk  {rise@0.000ns fall@1.500ns period=3.000ns})
  Path Group:             sys_clk
  Path Type:              Hold (Min at Fast Process Corner)
  Requirement:            0.000ns  (sys_clk rise@0.000ns - sys_clk rise@0.000ns)
  Data Path Delay:        0.072ns  (logic 0.039ns (54.167%)  route 0.033ns (45.833%))
  Logic Levels:           0  
  Clock Path Skew:        0.006ns (DCD - SCD - CPR)
    Destination Clock Delay (DCD):    0.018ns
    Source Clock Delay      (SCD):    0.012ns
    Clock Pessimism Removal (CPR):    -0.000ns

    Location             Delay type                Incr(ns)  Path(ns)    Netlist Resource(s)
  -------------------------------------------------------------------    -------------------
                         (clock sys_clk rise edge)    0.000     0.000 r  
                                                      0.000     0.000 r  clk (IN)
                         net (fo=35321, unset)        0.012     0.012    clk
    SLICE_X24Y52         FDRE                                         r  stage3/v558_reg[2]/C
  -------------------------------------------------------------------    -------------------
    SLICE_X24Y52         FDRE (Prop_AFF_SLICEL_C_Q)
                                                      0.039     0.051 r  stage3/v558_reg[2]/Q
                         net (fo=1, routed)           0.033     0.084    v558[2]
    SLICE_X24Y52         FDRE                                         r  stage4_inp_reg[2430]/D
  -------------------------------------------------------------------    -------------------

                         (clock sys_clk rise edge)    0.000     0.000 r  
                                                      0.000     0.000 r  clk (IN)
                         net (fo=35321, unset)        0.018     0.018    clk
    SLICE_X24Y52         FDRE                                         r  stage4_inp_reg[2430]/C
                         clock pessimism              0.000     0.018    
    SLICE_X24Y52         FDRE (Hold_CFF2_SLICEL_C_D)
                                                      0.047     0.065    stage4_inp_reg[2430]
  -------------------------------------------------------------------
                         required time                         -0.065    
                         arrival time                           0.084    
  -------------------------------------------------------------------
                         slack                                  0.019    





Pulse Width Checks
--------------------------------------------------------------------------------------
Clock Name:         sys_clk
Waveform(ns):       { 0.000 1.500 }
Period(ns):         3.000
Sources:            { clk }

Check Type        Corner  Lib Pin             Reference Pin  Required(ns)  Actual(ns)  Slack(ns)  Location     Pin
Min Period        n/a     RAMB18E2/CLKARDCLK  n/a            1.355         3.000       1.645      RAMB18_X0Y2  stage1/op_1/readout_reg/CLKARDCLK
Low Pulse Width   Slow    RAMB18E2/CLKARDCLK  n/a            0.542         1.500       0.958      RAMB18_X0Y2  stage1/op_1/readout_reg/CLKARDCLK
High Pulse Width  Slow    RAMB18E2/CLKARDCLK  n/a            0.542         1.500       0.958      RAMB18_X0Y2  stage1/op_1/readout_reg/CLKARDCLK



