Copyright 1986-2022 Xilinx, Inc. All Rights Reserved. Copyright 2022-2025 Advanced Micro Devices, Inc. All Rights Reserved.
----------------------------------------------------------------------------------------------------------------------------------------------------------------------------------------------------------------------------------------------------
| Tool Version      : Vivado v.2025.1 (lin64) Build 6140274 Wed May 21 22:58:25 MDT 2025
| Date              : Mon May 25 22:04:06 2026
| Host              : KHA-PC running 64-bit Ubuntu 25.10
| Command           : report_timing_summary -file /home/kevin/Dev/Imperial/HGQ2-examples/jsc150/masters_results_5/demoA_n64_xcau7p/bram_6_10__none/epoch=4433-val_acc=0.817-ebops=40646-val_loss=0.534/output_jsc/reports/jsc_post_place_timing.rpt
| Design            : jsc
| Device            : xcau7p-sbvc484
| Speed File        : -2  PRODUCTION 1.04 04-20-2024
| Design State      : Physopt postPlace
| Temperature Grade : E
----------------------------------------------------------------------------------------------------------------------------------------------------------------------------------------------------------------------------------------------------

Timing Summary Report

------------------------------------------------------------------------------------------------
| Timer Settings
| --------------
------------------------------------------------------------------------------------------------

  Enable Multi Corner Analysis               :  Yes
  Enable Pessimism Removal                   :  Yes
  Pessimism Removal Resolution               :  Nearest Common Node
  Enable Input Delay Default Clock           :  No
  Enable Preset / Clear Arcs                 :  No
  Disable Flight Delays                      :  No
  Ignore I/O Paths                           :  No
  Timing Early Launch at Borrowing Latches   :  No
  Borrow Time for Max Delay Exceptions       :  Yes
  Merge Timing Exceptions                    :  Yes
  Inter-SLR Compensation                     :  Conservative

  Corner  Analyze    Analyze    
  Name    Max Paths  Min Paths  
  ------  ---------  ---------  
  Slow    Yes        Yes        
  Fast    Yes        Yes        


------------------------------------------------------------------------------------------------
| Report Methodology
| ------------------
------------------------------------------------------------------------------------------------

No report available as report_methodology has not been run prior. Run report_methodology on the current design for the summary of methodology violations.



check_timing report

Table of Contents
-----------------
1. checking no_clock (0)
2. checking constant_clock (0)
3. checking pulse_width_clock (0)
4. checking unconstrained_internal_endpoints (0)
5. checking no_input_delay (0)
6. checking no_output_delay (0)
7. checking multiple_clock (0)
8. checking generated_clocks (0)
9. checking loops (0)
10. checking partial_input_delay (0)
11. checking partial_output_delay (0)
12. checking latch_loops (0)

1. checking no_clock (0)
------------------------
 There are 0 register/latch pins with no clock.


2. checking constant_clock (0)
------------------------------
 There are 0 register/latch pins with constant_clock.


3. checking pulse_width_clock (0)
---------------------------------
 There are 0 register/latch pins which need pulse_width check


4. checking unconstrained_internal_endpoints (0)
------------------------------------------------
 There are 0 pins that are not constrained for maximum delay.

 There are 0 pins that are not constrained for maximum delay due to constant clock.


5. checking no_input_delay (0)
------------------------------
 There are 0 input ports with no input delay specified.

 There are 0 input ports with no input delay but user has a false path constraint.


6. checking no_output_delay (0)
-------------------------------
 There are 0 ports with no output delay specified.

 There are 0 ports with no output delay but user has a false path constraint

 There are 0 ports with no output delay but with a timing clock defined on it or propagating through it


7. checking multiple_clock (0)
------------------------------
 There are 0 register/latch pins with multiple clocks.


8. checking generated_clocks (0)
--------------------------------
 There are 0 generated clocks that are not connected to a clock source.


9. checking loops (0)
---------------------
 There are 0 combinational loops in the design.


10. checking partial_input_delay (0)
------------------------------------
 There are 0 input ports with partial input delay specified.


11. checking partial_output_delay (0)
-------------------------------------
 There are 0 ports with partial output delay specified.


12. checking latch_loops (0)
----------------------------
 There are 0 combinational latch loops in the design through latch input



------------------------------------------------------------------------------------------------
| Design Timing Summary
| ---------------------
------------------------------------------------------------------------------------------------

    WNS(ns)      TNS(ns)  TNS Failing Endpoints  TNS Total Endpoints      WHS(ns)      THS(ns)  THS Failing Endpoints  THS Total Endpoints     WPWS(ns)     TPWS(ns)  TPWS Failing Endpoints  TPWS Total Endpoints  
    -------      -------  ---------------------  -------------------      -------      -------  ---------------------  -------------------     --------     --------  ----------------------  --------------------  
      0.002        0.000                      0                35607        0.004        0.000                      0                35607        0.958        0.000                       0                 35322  


All user specified timing constraints are met.


------------------------------------------------------------------------------------------------
| Clock Summary
| -------------
------------------------------------------------------------------------------------------------

Clock    Waveform(ns)         Period(ns)      Frequency(MHz)
-----    ------------         ----------      --------------
sys_clk  {0.000 1.500}        3.000           333.333         


------------------------------------------------------------------------------------------------
| Intra Clock Table
| -----------------
------------------------------------------------------------------------------------------------

Clock             WNS(ns)      TNS(ns)  TNS Failing Endpoints  TNS Total Endpoints      WHS(ns)      THS(ns)  THS Failing Endpoints  THS Total Endpoints     WPWS(ns)     TPWS(ns)  TPWS Failing Endpoints  TPWS Total Endpoints  
-----             -------      -------  ---------------------  -------------------      -------      -------  ---------------------  -------------------     --------     --------  ----------------------  --------------------  
sys_clk             0.002        0.000                      0                35607        0.004        0.000                      0                35607        0.958        0.000                       0                 35322  


------------------------------------------------------------------------------------------------
| Inter Clock Table
| -----------------
------------------------------------------------------------------------------------------------

From Clock    To Clock          WNS(ns)      TNS(ns)  TNS Failing Endpoints  TNS Total Endpoints      WHS(ns)      THS(ns)  THS Failing Endpoints  THS Total Endpoints  
----------    --------          -------      -------  ---------------------  -------------------      -------      -------  ---------------------  -------------------  


------------------------------------------------------------------------------------------------
| Other Path Groups Table
| -----------------------
------------------------------------------------------------------------------------------------

Path Group    From Clock    To Clock          WNS(ns)      TNS(ns)  TNS Failing Endpoints  TNS Total Endpoints      WHS(ns)      THS(ns)  THS Failing Endpoints  THS Total Endpoints  
----------    ----------    --------          -------      -------  ---------------------  -------------------      -------      -------  ---------------------  -------------------  


------------------------------------------------------------------------------------------------
| Timing Details
| --------------
------------------------------------------------------------------------------------------------


---------------------------------------------------------------------------------------------------
From Clock:  sys_clk
  To Clock:  sys_clk

Setup :            0  Failing Endpoints,  Worst Slack        0.002ns,  Total Violation        0.000ns
Hold  :            0  Failing Endpoints,  Worst Slack        0.004ns,  Total Violation        0.000ns
PW    :            0  Failing Endpoints,  Worst Slack        0.958ns,  Total Violation        0.000ns
---------------------------------------------------------------------------------------------------


Max Delay Paths
--------------------------------------------------------------------------------------
Slack (MET) :             0.002ns  (required time - arrival time)
  Source:                 stage9/op_67/stage10_inp[684]_i_24_psbram/C
                            (rising edge-triggered cell FDRE clocked by sys_clk  {rise@0.000ns fall@1.500ns period=3.000ns})
  Destination:            stage10_inp_reg[683]_replica/D
                            (rising edge-triggered cell FDRE clocked by sys_clk  {rise@0.000ns fall@1.500ns period=3.000ns})
  Path Group:             sys_clk
  Path Type:              Setup (Max at Slow Process Corner)
  Requirement:            3.000ns  (sys_clk rise@3.000ns - sys_clk rise@0.000ns)
  Data Path Delay:        2.980ns  (logic 0.784ns (26.309%)  route 2.196ns (73.691%))
  Logic Levels:           8  (CARRY8=3 LUT2=3 LUT3=1 LUT6=1)
  Clock Path Skew:        -0.008ns (DCD - SCD + CPR)
    Destination Clock Delay (DCD):    0.020ns = ( 3.020 - 3.000 ) 
    Source Clock Delay      (SCD):    0.028ns
    Clock Pessimism Removal (CPR):    0.000ns
  Clock Uncertainty:      0.035ns  ((TSJ^2 + TIJ^2)^1/2 + DJ) / 2 + PE + UU
    Total System Jitter     (TSJ):    0.071ns
    Total Input Jitter      (TIJ):    0.000ns
    Discrete Jitter          (DJ):    0.000ns
    Phase Error              (PE):    0.000ns
    User Uncertainty         (UU):    0.000ns

    Location             Delay type                Incr(ns)  Path(ns)    Netlist Resource(s)
  -------------------------------------------------------------------    -------------------
                         (clock sys_clk rise edge)    0.000     0.000 r  
                                                      0.000     0.000 r  clk (IN)
                         net (fo=35321, unset)        0.028     0.028    clk
    SLICE_X15Y85         FDRE                                         r  stage9/op_67/stage10_inp[684]_i_24_psbram/C
  -------------------------------------------------------------------    -------------------
    SLICE_X15Y85         FDRE (Prop_BFF2_SLICEL_C_Q)
                                                      0.080     0.108 r  stage9/op_67/stage10_inp[684]_i_24_psbram/Q
                         net (fo=1, estimated)        0.234     0.342    stage8_out[53]
    SLICE_X16Y87         LUT2 (Prop_B6LUT_SLICEM_I1_O)
                                                      0.037     0.379 r  stage9/op_67/stage10_inp[684]_i_24/O
                         net (fo=1, routed)           0.016     0.395    stage9/op_67/stage10_inp[684]_i_24_n_0
    SLICE_X16Y87         CARRY8 (Prop_CARRY8_SLICEM_S[1]_O[5])
                                                      0.237     0.632 r  stage9/op_67/stage10_inp_reg[684]_i_11/O[5]
                         net (fo=2, estimated)        0.222     0.854    stage9/op_67/stage10_inp_reg[684]_i_11_n_10
    SLICE_X15Y87         LUT2 (Prop_F6LUT_SLICEL_I0_O)
                                                      0.049     0.903 r  stage9/op_67/stage10_inp[684]_i_14/O
                         net (fo=1, routed)           0.011     0.914    stage9/op_67/stage10_inp[684]_i_14_n_0
    SLICE_X15Y87         CARRY8 (Prop_CARRY8_SLICEL_S[5]_O[5])
                                                      0.054     0.968 r  stage9/op_67/stage10_inp_reg[684]_i_4/O[5]
                         net (fo=1, estimated)        0.368     1.336    stage9/op_67/stage10_inp_reg[684]_i_4_n_10
    SLICE_X14Y91         LUT2 (Prop_F6LUT_SLICEL_I1_O)
                                                      0.035     1.371 r  stage9/op_67/stage10_inp[684]_i_6/O
                         net (fo=1, routed)           0.011     1.382    stage9/op_67/stage10_inp[684]_i_6_n_0
    SLICE_X14Y91         CARRY8 (Prop_CARRY8_SLICEL_S[5]_O[5])
                                                      0.054     1.436 r  stage9/op_67/stage10_inp_reg[684]_i_3/O[5]
                         net (fo=3, estimated)        0.364     1.800    stage9/op_67/stage10_inp_reg[684]_i_3_n_10
    SLICE_X14Y104        LUT6 (Prop_B6LUT_SLICEL_I0_O)
                                                      0.148     1.948 r  stage10_inp[684]_i_2/O
                         net (fo=4, estimated)        0.589     2.537    stage10_inp[684]_i_2_n_0
    SLICE_X11Y115        LUT3 (Prop_A6LUT_SLICEM_I1_O)
                                                      0.090     2.627 r  stage10_inp[683]_i_1/O
                         net (fo=5, estimated)        0.381     3.008    stage9_out[683]
    SLICE_X12Y108        FDRE                                         r  stage10_inp_reg[683]_replica/D
  -------------------------------------------------------------------    -------------------

                         (clock sys_clk rise edge)    3.000     3.000 r  
                                                      0.000     3.000 r  clk (IN)
                         net (fo=35321, unset)        0.020     3.020    clk
    SLICE_X12Y108        FDRE                                         r  stage10_inp_reg[683]_replica/C
                         clock pessimism              0.000     3.020    
                         clock uncertainty           -0.035     2.985    
    SLICE_X12Y108        FDRE (Setup_AFF2_SLICEL_C_D)
                                                      0.025     3.010    stage10_inp_reg[683]_replica
  -------------------------------------------------------------------
                         required time                          3.010    
                         arrival time                          -3.008    
  -------------------------------------------------------------------
                         slack                                  0.002    





Min Delay Paths
--------------------------------------------------------------------------------------
Slack (MET) :             0.004ns  (arrival time - required time)
  Source:                 stage7_inp_reg[1158]/C
                            (rising edge-triggered cell FDRE clocked by sys_clk  {rise@0.000ns fall@1.500ns period=3.000ns})
  Destination:            stage9_inp_reg[1135]_srl2/D
                            (rising edge-triggered cell SRL16E clocked by sys_clk  {rise@0.000ns fall@1.500ns period=3.000ns})
  Path Group:             sys_clk
  Path Type:              Hold (Min at Fast Process Corner)
  Requirement:            0.000ns  (sys_clk rise@0.000ns - sys_clk rise@0.000ns)
  Data Path Delay:        0.077ns  (logic 0.039ns (50.649%)  route 0.038ns (49.351%))
  Logic Levels:           0  
  Clock Path Skew:        0.027ns (DCD - SCD - CPR)
    Destination Clock Delay (DCD):    0.039ns
    Source Clock Delay      (SCD):    0.012ns
    Clock Pessimism Removal (CPR):    -0.000ns

    Location             Delay type                Incr(ns)  Path(ns)    Netlist Resource(s)
  -------------------------------------------------------------------    -------------------
                         (clock sys_clk rise edge)    0.000     0.000 r  
                                                      0.000     0.000 r  clk (IN)
                         net (fo=35321, unset)        0.012     0.012    clk
    SLICE_X2Y148         FDRE                                         r  stage7_inp_reg[1158]/C
  -------------------------------------------------------------------    -------------------
    SLICE_X2Y148         FDRE (Prop_AFF_SLICEL_C_Q)
                                                      0.039     0.051 r  stage7_inp_reg[1158]/Q
                         net (fo=1, estimated)        0.038     0.089    stage7_inp_reg_n_0_[1158]
    SLICE_X1Y146         SRL16E                                       r  stage9_inp_reg[1135]_srl2/D
  -------------------------------------------------------------------    -------------------

                         (clock sys_clk rise edge)    0.000     0.000 r  
                                                      0.000     0.000 r  clk (IN)
                         net (fo=35321, unset)        0.039     0.039    clk
    SLICE_X1Y146         SRL16E                                       r  stage9_inp_reg[1135]_srl2/CLK
                         clock pessimism              0.000     0.039    
    SLICE_X1Y146         SRL16E (Hold_A5LUT_SLICEM_CLK_D)
                                                      0.046     0.085    stage9_inp_reg[1135]_srl2
  -------------------------------------------------------------------
                         required time                         -0.085    
                         arrival time                           0.089    
  -------------------------------------------------------------------
                         slack                                  0.004    





Pulse Width Checks
--------------------------------------------------------------------------------------
Clock Name:         sys_clk
Waveform(ns):       { 0.000 1.500 }
Period(ns):         3.000
Sources:            { clk }

Check Type        Corner  Lib Pin             Reference Pin  Required(ns)  Actual(ns)  Slack(ns)  Location     Pin
Min Period        n/a     RAMB18E2/CLKARDCLK  n/a            1.355         3.000       1.645      RAMB18_X0Y2  stage1/op_1/readout_reg/CLKARDCLK
Low Pulse Width   Slow    RAMB18E2/CLKARDCLK  n/a            0.542         1.500       0.958      RAMB18_X0Y2  stage1/op_1/readout_reg/CLKARDCLK
High Pulse Width  Slow    RAMB18E2/CLKARDCLK  n/a            0.542         1.500       0.958      RAMB18_X0Y2  stage1/op_1/readout_reg/CLKARDCLK



