Copyright 1986-2022 Xilinx, Inc. All Rights Reserved. Copyright 2022-2025 Advanced Micro Devices, Inc. All Rights Reserved.
--------------------------------------------------------------------------------------------------------------------------------------------------------------------------------------------------------------------------------------------------------------
| Tool Version      : Vivado v.2025.1 (lin64) Build 6140274 Wed May 21 22:58:25 MDT 2025
| Date              : Mon May 25 22:14:33 2026
| Host              : KHA-PC running 64-bit Ubuntu 25.10
| Command           : report_timing_summary -file /home/kevin/Dev/Imperial/HGQ2-examples/jsc150/masters_results_5/demoB_n32x2_xcau10p/bram_8_6__bo15_clocked/epoch=5406-val_acc=0.805-ebops=27012-val_loss=0.570/output_jsc/reports/jsc_post_place_timing.rpt
| Design            : jsc_dual
| Device            : xcau10p-sbvb484
| Speed File        : -2  PRODUCTION 1.30 03-14-2023
| Design State      : Physopt postPlace
| Temperature Grade : E
--------------------------------------------------------------------------------------------------------------------------------------------------------------------------------------------------------------------------------------------------------------

Timing Summary Report

------------------------------------------------------------------------------------------------
| Timer Settings
| --------------
------------------------------------------------------------------------------------------------

  Enable Multi Corner Analysis               :  Yes
  Enable Pessimism Removal                   :  Yes
  Pessimism Removal Resolution               :  Nearest Common Node
  Enable Input Delay Default Clock           :  No
  Enable Preset / Clear Arcs                 :  No
  Disable Flight Delays                      :  No
  Ignore I/O Paths                           :  No
  Timing Early Launch at Borrowing Latches   :  No
  Borrow Time for Max Delay Exceptions       :  Yes
  Merge Timing Exceptions                    :  Yes
  Inter-SLR Compensation                     :  Conservative

  Corner  Analyze    Analyze    
  Name    Max Paths  Min Paths  
  ------  ---------  ---------  
  Slow    Yes        Yes        
  Fast    Yes        Yes        


------------------------------------------------------------------------------------------------
| Report Methodology
| ------------------
------------------------------------------------------------------------------------------------

No report available as report_methodology has not been run prior. Run report_methodology on the current design for the summary of methodology violations.



check_timing report

Table of Contents
-----------------
1. checking no_clock (0)
2. checking constant_clock (0)
3. checking pulse_width_clock (0)
4. checking unconstrained_internal_endpoints (0)
5. checking no_input_delay (4452)
6. checking no_output_delay (108)
7. checking multiple_clock (0)
8. checking generated_clocks (0)
9. checking loops (0)
10. checking partial_input_delay (0)
11. checking partial_output_delay (0)
12. checking latch_loops (0)

1. checking no_clock (0)
------------------------
 There are 0 register/latch pins with no clock.


2. checking constant_clock (0)
------------------------------
 There are 0 register/latch pins with constant_clock.


3. checking pulse_width_clock (0)
---------------------------------
 There are 0 register/latch pins which need pulse_width check


4. checking unconstrained_internal_endpoints (0)
------------------------------------------------
 There are 0 pins that are not constrained for maximum delay.

 There are 0 pins that are not constrained for maximum delay due to constant clock.


5. checking no_input_delay (4452)
---------------------------------
 There are 4452 input ports with no input delay specified. (HIGH)

 There are 0 input ports with no input delay but user has a false path constraint.


6. checking no_output_delay (108)
---------------------------------
 There are 108 ports with no output delay specified. (HIGH)

 There are 0 ports with no output delay but user has a false path constraint

 There are 0 ports with no output delay but with a timing clock defined on it or propagating through it


7. checking multiple_clock (0)
------------------------------
 There are 0 register/latch pins with multiple clocks.


8. checking generated_clocks (0)
--------------------------------
 There are 0 generated clocks that are not connected to a clock source.


9. checking loops (0)
---------------------
 There are 0 combinational loops in the design.


10. checking partial_input_delay (0)
------------------------------------
 There are 0 input ports with partial input delay specified.


11. checking partial_output_delay (0)
-------------------------------------
 There are 0 ports with partial output delay specified.


12. checking latch_loops (0)
----------------------------
 There are 0 combinational latch loops in the design through latch input



------------------------------------------------------------------------------------------------
| Design Timing Summary
| ---------------------
------------------------------------------------------------------------------------------------

    WNS(ns)      TNS(ns)  TNS Failing Endpoints  TNS Total Endpoints      WHS(ns)      THS(ns)  THS Failing Endpoints  THS Total Endpoints     WPWS(ns)     TPWS(ns)  TPWS Failing Endpoints  TPWS Total Endpoints  
    -------      -------  ---------------------  -------------------      -------      -------  ---------------------  -------------------     --------     --------  ----------------------  --------------------  
      0.280        0.000                      0                45664        0.018        0.000                      0                45664        0.958        0.000                       0                 44408  


All user specified timing constraints are met.


------------------------------------------------------------------------------------------------
| Clock Summary
| -------------
------------------------------------------------------------------------------------------------

Clock    Waveform(ns)         Period(ns)      Frequency(MHz)
-----    ------------         ----------      --------------
sys_clk  {0.000 1.500}        3.000           333.333         


------------------------------------------------------------------------------------------------
| Intra Clock Table
| -----------------
------------------------------------------------------------------------------------------------

Clock             WNS(ns)      TNS(ns)  TNS Failing Endpoints  TNS Total Endpoints      WHS(ns)      THS(ns)  THS Failing Endpoints  THS Total Endpoints     WPWS(ns)     TPWS(ns)  TPWS Failing Endpoints  TPWS Total Endpoints  
-----             -------      -------  ---------------------  -------------------      -------      -------  ---------------------  -------------------     --------     --------  ----------------------  --------------------  
sys_clk             0.280        0.000                      0                45664        0.018        0.000                      0                45664        0.958        0.000                       0                 44408  


------------------------------------------------------------------------------------------------
| Inter Clock Table
| -----------------
------------------------------------------------------------------------------------------------

From Clock    To Clock          WNS(ns)      TNS(ns)  TNS Failing Endpoints  TNS Total Endpoints      WHS(ns)      THS(ns)  THS Failing Endpoints  THS Total Endpoints  
----------    --------          -------      -------  ---------------------  -------------------      -------      -------  ---------------------  -------------------  


------------------------------------------------------------------------------------------------
| Other Path Groups Table
| -----------------------
------------------------------------------------------------------------------------------------

Path Group    From Clock    To Clock          WNS(ns)      TNS(ns)  TNS Failing Endpoints  TNS Total Endpoints      WHS(ns)      THS(ns)  THS Failing Endpoints  THS Total Endpoints  
----------    ----------    --------          -------      -------  ---------------------  -------------------      -------      -------  ---------------------  -------------------  


------------------------------------------------------------------------------------------------
| Timing Details
| --------------
------------------------------------------------------------------------------------------------


---------------------------------------------------------------------------------------------------
From Clock:  sys_clk
  To Clock:  sys_clk

Setup :            0  Failing Endpoints,  Worst Slack        0.280ns,  Total Violation        0.000ns
Hold  :            0  Failing Endpoints,  Worst Slack        0.018ns,  Total Violation        0.000ns
PW    :            0  Failing Endpoints,  Worst Slack        0.958ns,  Total Violation        0.000ns
---------------------------------------------------------------------------------------------------


Max Delay Paths
--------------------------------------------------------------------------------------
Slack (MET) :             0.280ns  (required time - arrival time)
  Source:                 u1/stage6_inp_reg[121]_fret__3/C
                            (rising edge-triggered cell FDRE clocked by sys_clk  {rise@0.000ns fall@1.500ns period=3.000ns})
  Destination:            u1/stage7/op_44/readout_reg/ADDRARDADDR[13]
                            (rising edge-triggered cell RAMB18E2 clocked by sys_clk  {rise@0.000ns fall@1.500ns period=3.000ns})
  Path Group:             sys_clk
  Path Type:              Setup (Max at Slow Process Corner)
  Requirement:            3.000ns  (sys_clk rise@3.000ns - sys_clk rise@0.000ns)
  Data Path Delay:        2.428ns  (logic 0.772ns (31.796%)  route 1.656ns (68.204%))
  Logic Levels:           6  (CARRY8=2 LUT2=2 LUT6=2)
  Clock Path Skew:        0.011ns (DCD - SCD + CPR)
    Destination Clock Delay (DCD):    0.039ns = ( 3.039 - 3.000 ) 
    Source Clock Delay      (SCD):    0.028ns
    Clock Pessimism Removal (CPR):    0.000ns
  Clock Uncertainty:      0.035ns  ((TSJ^2 + TIJ^2)^1/2 + DJ) / 2 + PE + UU
    Total System Jitter     (TSJ):    0.071ns
    Total Input Jitter      (TIJ):    0.000ns
    Discrete Jitter          (DJ):    0.000ns
    Phase Error              (PE):    0.000ns
    User Uncertainty         (UU):    0.000ns

    Location             Delay type                Incr(ns)  Path(ns)    Netlist Resource(s)
  -------------------------------------------------------------------    -------------------
                         (clock sys_clk rise edge)    0.000     0.000 r  
                                                      0.000     0.000 r  clk (IN)
                         net (fo=44837, unset)        0.028     0.028    clk
    SLICE_X21Y119        FDRE                                         r  u1/stage6_inp_reg[121]_fret__3/C
  -------------------------------------------------------------------    -------------------
    SLICE_X21Y119        FDRE (Prop_AFF_SLICEL_C_Q)
                                                      0.079     0.107 r  u1/stage6_inp_reg[121]_fret__3/Q
                         net (fo=1, estimated)        0.330     0.437    u1/stage6_inp_reg[121]_fret__3_n_0
    SLICE_X17Y119        LUT2 (Prop_A6LUT_SLICEM_I1_O)
                                                      0.038     0.475 r  accum_carry_i_8__203/O
                         net (fo=1, routed)           0.013     0.488    accum_carry_i_8__203_n_0
    SLICE_X17Y119        CARRY8 (Prop_CARRY8_SLICEM_S[0]_O[5])
                                                      0.240     0.728 r  u1/stage6/op_135/accum_carry/O[5]
                         net (fo=1, estimated)        0.545     1.273    u1/stage6/op_135/accum_carry_n_10
    SLICE_X18Y140        LUT2 (Prop_F6LUT_SLICEL_I1_O)
                                                      0.035     1.308 r  accum_carry_i_3__363/O
                         net (fo=1, routed)           0.011     1.319    accum_carry_i_3__363_n_0
    SLICE_X18Y140        CARRY8 (Prop_CARRY8_SLICEL_S[5]_O[7])
                                                      0.134     1.453 r  u1/stage6/op_227/accum_carry/O[7]
                         net (fo=12, estimated)       0.289     1.742    u1/stage6/in0[7]
    SLICE_X21Y142        LUT6 (Prop_F6LUT_SLICEL_I0_O)
                                                      0.148     1.890 r  readout_reg_i_11__32/O
                         net (fo=5, estimated)        0.157     2.047    readout_reg_i_11__32_n_0
    SLICE_X20Y142        LUT6 (Prop_A6LUT_SLICEL_I2_O)
                                                      0.098     2.145 r  readout_reg_i_1__125/O
                         net (fo=1, estimated)        0.311     2.456    u1/stage7_inp[277]
    RAMB18_X1Y56         RAMB18E2                                     r  u1/stage7/op_44/readout_reg/ADDRARDADDR[13]
  -------------------------------------------------------------------    -------------------

                         (clock sys_clk rise edge)    3.000     3.000 r  
                                                      0.000     3.000 r  clk (IN)
                         net (fo=44837, unset)        0.039     3.039    clk
    RAMB18_X1Y56         RAMB18E2                                     r  u1/stage7/op_44/readout_reg/CLKARDCLK
                         clock pessimism              0.000     3.039    
                         clock uncertainty           -0.035     3.004    
    RAMB18_X1Y56         RAMB18E2 (Setup_RAMB18E2_L_RAMB180_CLKARDCLK_ADDRARDADDR[13])
                                                     -0.268     2.736    u1/stage7/op_44/readout_reg
  -------------------------------------------------------------------
                         required time                          2.736    
                         arrival time                          -2.456    
  -------------------------------------------------------------------
                         slack                                  0.280    





Min Delay Paths
--------------------------------------------------------------------------------------
Slack (MET) :             0.018ns  (arrival time - required time)
  Source:                 u0/stage7/v149_reg[9]/C
                            (rising edge-triggered cell FDRE clocked by sys_clk  {rise@0.000ns fall@1.500ns period=3.000ns})
  Destination:            u0/stage11_inp_reg[678]_srl4/D
                            (rising edge-triggered cell SRL16E clocked by sys_clk  {rise@0.000ns fall@1.500ns period=3.000ns})
  Path Group:             sys_clk
  Path Type:              Hold (Min at Fast Process Corner)
  Requirement:            0.000ns  (sys_clk rise@0.000ns - sys_clk rise@0.000ns)
  Data Path Delay:        0.090ns  (logic 0.039ns (43.333%)  route 0.051ns (56.667%))
  Logic Levels:           0  
  Clock Path Skew:        0.027ns (DCD - SCD - CPR)
    Destination Clock Delay (DCD):    0.039ns
    Source Clock Delay      (SCD):    0.012ns
    Clock Pessimism Removal (CPR):    -0.000ns

    Location             Delay type                Incr(ns)  Path(ns)    Netlist Resource(s)
  -------------------------------------------------------------------    -------------------
                         (clock sys_clk rise edge)    0.000     0.000 r  
                                                      0.000     0.000 r  clk (IN)
                         net (fo=44837, unset)        0.012     0.012    clk
    SLICE_X16Y24         FDRE                                         r  u0/stage7/v149_reg[9]/C
  -------------------------------------------------------------------    -------------------
    SLICE_X16Y24         FDRE (Prop_BFF_SLICEL_C_Q)
                                                      0.039     0.051 r  u0/stage7/v149_reg[9]/Q
                         net (fo=1, estimated)        0.051     0.102    u0/stage7/v149_reg_n_0_[9]
    SLICE_X15Y24         SRL16E                                       r  u0/stage11_inp_reg[678]_srl4/D
  -------------------------------------------------------------------    -------------------

                         (clock sys_clk rise edge)    0.000     0.000 r  
                                                      0.000     0.000 r  clk (IN)
                         net (fo=44837, unset)        0.039     0.039    clk
    SLICE_X15Y24         SRL16E                                       r  u0/stage11_inp_reg[678]_srl4/CLK
                         clock pessimism              0.000     0.039    
    SLICE_X15Y24         SRL16E (Hold_B5LUT_SLICEM_CLK_D)
                                                      0.045     0.084    u0/stage11_inp_reg[678]_srl4
  -------------------------------------------------------------------
                         required time                         -0.084    
                         arrival time                           0.102    
  -------------------------------------------------------------------
                         slack                                  0.018    





Pulse Width Checks
--------------------------------------------------------------------------------------
Clock Name:         sys_clk
Waveform(ns):       { 0.000 1.500 }
Period(ns):         3.000
Sources:            { clk }

Check Type        Corner  Lib Pin             Reference Pin  Required(ns)  Actual(ns)  Slack(ns)  Location      Pin
Min Period        n/a     RAMB18E2/CLKARDCLK  n/a            1.355         3.000       1.645      RAMB18_X2Y16  u0/stage1/op_1/readout_reg/CLKARDCLK
Low Pulse Width   Slow    RAMB18E2/CLKARDCLK  n/a            0.542         1.500       0.958      RAMB18_X2Y16  u0/stage1/op_1/readout_reg/CLKARDCLK
High Pulse Width  Slow    RAMB18E2/CLKARDCLK  n/a            0.542         1.500       0.958      RAMB18_X2Y16  u0/stage1/op_1/readout_reg/CLKARDCLK



