Copyright 1986-2022 Xilinx, Inc. All Rights Reserved. Copyright 2022-2025 Advanced Micro Devices, Inc. All Rights Reserved.
--------------------------------------------------------------------------------------------------------------------------------------------------------------------------------------------------------------------------------------------------------------
| Tool Version      : Vivado v.2025.1 (lin64) Build 6140274 Wed May 21 22:58:25 MDT 2025
| Date              : Mon May 25 22:15:12 2026
| Host              : KHA-PC running 64-bit Ubuntu 25.10
| Command           : report_timing_summary -file /home/kevin/Dev/Imperial/HGQ2-examples/jsc150/masters_results_5/demoB_n32x2_xcau10p/bram_8_6__bo15_clocked/epoch=5406-val_acc=0.805-ebops=27012-val_loss=0.570/output_jsc/reports/jsc_post_route_timing.rpt
| Design            : jsc_dual
| Device            : xcau10p-sbvb484
| Speed File        : -2  PRODUCTION 1.30 03-14-2023
| Design State      : Routed
| Temperature Grade : E
--------------------------------------------------------------------------------------------------------------------------------------------------------------------------------------------------------------------------------------------------------------

Timing Summary Report

------------------------------------------------------------------------------------------------
| Timer Settings
| --------------
------------------------------------------------------------------------------------------------

  Enable Multi Corner Analysis               :  Yes
  Enable Pessimism Removal                   :  Yes
  Pessimism Removal Resolution               :  Nearest Common Node
  Enable Input Delay Default Clock           :  No
  Enable Preset / Clear Arcs                 :  No
  Disable Flight Delays                      :  No
  Ignore I/O Paths                           :  No
  Timing Early Launch at Borrowing Latches   :  No
  Borrow Time for Max Delay Exceptions       :  Yes
  Merge Timing Exceptions                    :  Yes
  Inter-SLR Compensation                     :  Conservative

  Corner  Analyze    Analyze    
  Name    Max Paths  Min Paths  
  ------  ---------  ---------  
  Slow    Yes        Yes        
  Fast    Yes        Yes        


------------------------------------------------------------------------------------------------
| Report Methodology
| ------------------
------------------------------------------------------------------------------------------------

No report available as report_methodology has not been run prior. Run report_methodology on the current design for the summary of methodology violations.



check_timing report

Table of Contents
-----------------
1. checking no_clock (0)
2. checking constant_clock (0)
3. checking pulse_width_clock (0)
4. checking unconstrained_internal_endpoints (0)
5. checking no_input_delay (4452)
6. checking no_output_delay (108)
7. checking multiple_clock (0)
8. checking generated_clocks (0)
9. checking loops (0)
10. checking partial_input_delay (0)
11. checking partial_output_delay (0)
12. checking latch_loops (0)

1. checking no_clock (0)
------------------------
 There are 0 register/latch pins with no clock.


2. checking constant_clock (0)
------------------------------
 There are 0 register/latch pins with constant_clock.


3. checking pulse_width_clock (0)
---------------------------------
 There are 0 register/latch pins which need pulse_width check


4. checking unconstrained_internal_endpoints (0)
------------------------------------------------
 There are 0 pins that are not constrained for maximum delay.

 There are 0 pins that are not constrained for maximum delay due to constant clock.


5. checking no_input_delay (4452)
---------------------------------
 There are 4452 input ports with no input delay specified. (HIGH)

 There are 0 input ports with no input delay but user has a false path constraint.


6. checking no_output_delay (108)
---------------------------------
 There are 108 ports with no output delay specified. (HIGH)

 There are 0 ports with no output delay but user has a false path constraint

 There are 0 ports with no output delay but with a timing clock defined on it or propagating through it


7. checking multiple_clock (0)
------------------------------
 There are 0 register/latch pins with multiple clocks.


8. checking generated_clocks (0)
--------------------------------
 There are 0 generated clocks that are not connected to a clock source.


9. checking loops (0)
---------------------
 There are 0 combinational loops in the design.


10. checking partial_input_delay (0)
------------------------------------
 There are 0 input ports with partial input delay specified.


11. checking partial_output_delay (0)
-------------------------------------
 There are 0 ports with partial output delay specified.


12. checking latch_loops (0)
----------------------------
 There are 0 combinational latch loops in the design through latch input



------------------------------------------------------------------------------------------------
| Design Timing Summary
| ---------------------
------------------------------------------------------------------------------------------------

    WNS(ns)      TNS(ns)  TNS Failing Endpoints  TNS Total Endpoints      WHS(ns)      THS(ns)  THS Failing Endpoints  THS Total Endpoints     WPWS(ns)     TPWS(ns)  TPWS Failing Endpoints  TPWS Total Endpoints  
    -------      -------  ---------------------  -------------------      -------      -------  ---------------------  -------------------     --------     --------  ----------------------  --------------------  
      0.080        0.000                      0                45664        0.039        0.000                      0                45664        0.958        0.000                       0                 44408  


All user specified timing constraints are met.


------------------------------------------------------------------------------------------------
| Clock Summary
| -------------
------------------------------------------------------------------------------------------------

Clock    Waveform(ns)         Period(ns)      Frequency(MHz)
-----    ------------         ----------      --------------
sys_clk  {0.000 1.500}        3.000           333.333         


------------------------------------------------------------------------------------------------
| Intra Clock Table
| -----------------
------------------------------------------------------------------------------------------------

Clock             WNS(ns)      TNS(ns)  TNS Failing Endpoints  TNS Total Endpoints      WHS(ns)      THS(ns)  THS Failing Endpoints  THS Total Endpoints     WPWS(ns)     TPWS(ns)  TPWS Failing Endpoints  TPWS Total Endpoints  
-----             -------      -------  ---------------------  -------------------      -------      -------  ---------------------  -------------------     --------     --------  ----------------------  --------------------  
sys_clk             0.080        0.000                      0                45664        0.039        0.000                      0                45664        0.958        0.000                       0                 44408  


------------------------------------------------------------------------------------------------
| Inter Clock Table
| -----------------
------------------------------------------------------------------------------------------------

From Clock    To Clock          WNS(ns)      TNS(ns)  TNS Failing Endpoints  TNS Total Endpoints      WHS(ns)      THS(ns)  THS Failing Endpoints  THS Total Endpoints  
----------    --------          -------      -------  ---------------------  -------------------      -------      -------  ---------------------  -------------------  


------------------------------------------------------------------------------------------------
| Other Path Groups Table
| -----------------------
------------------------------------------------------------------------------------------------

Path Group    From Clock    To Clock          WNS(ns)      TNS(ns)  TNS Failing Endpoints  TNS Total Endpoints      WHS(ns)      THS(ns)  THS Failing Endpoints  THS Total Endpoints  
----------    ----------    --------          -------      -------  ---------------------  -------------------      -------      -------  ---------------------  -------------------  


------------------------------------------------------------------------------------------------
| Timing Details
| --------------
------------------------------------------------------------------------------------------------


---------------------------------------------------------------------------------------------------
From Clock:  sys_clk
  To Clock:  sys_clk

Setup :            0  Failing Endpoints,  Worst Slack        0.080ns,  Total Violation        0.000ns
Hold  :            0  Failing Endpoints,  Worst Slack        0.039ns,  Total Violation        0.000ns
PW    :            0  Failing Endpoints,  Worst Slack        0.958ns,  Total Violation        0.000ns
---------------------------------------------------------------------------------------------------


Max Delay Paths
--------------------------------------------------------------------------------------
Slack (MET) :             0.080ns  (required time - arrival time)
  Source:                 u0/stage1/op_63/readout_reg/CLKBWRCLK
                            (rising edge-triggered cell RAMB18E2 clocked by sys_clk  {rise@0.000ns fall@1.500ns period=3.000ns})
  Destination:            u0/stage5/v63_reg[1]_srl3/D
                            (rising edge-triggered cell SRL16E clocked by sys_clk  {rise@0.000ns fall@1.500ns period=3.000ns})
  Path Group:             sys_clk
  Path Type:              Setup (Max at Slow Process Corner)
  Requirement:            3.000ns  (sys_clk rise@3.000ns - sys_clk rise@0.000ns)
  Data Path Delay:        2.792ns  (logic 1.064ns (38.109%)  route 1.728ns (61.891%))
  Logic Levels:           9  (CARRY8=2 LUT3=2 LUT4=2 LUT5=2 LUT6=1)
  Clock Path Skew:        -0.033ns (DCD - SCD + CPR)
    Destination Clock Delay (DCD):    0.043ns = ( 3.043 - 3.000 ) 
    Source Clock Delay      (SCD):    0.076ns
    Clock Pessimism Removal (CPR):    0.000ns
  Clock Uncertainty:      0.035ns  ((TSJ^2 + TIJ^2)^1/2 + DJ) / 2 + PE + UU
    Total System Jitter     (TSJ):    0.071ns
    Total Input Jitter      (TIJ):    0.000ns
    Discrete Jitter          (DJ):    0.000ns
    Phase Error              (PE):    0.000ns
    User Uncertainty         (UU):    0.000ns

    Location             Delay type                Incr(ns)  Path(ns)    Netlist Resource(s)
  -------------------------------------------------------------------    -------------------
                         (clock sys_clk rise edge)    0.000     0.000 r  
                                                      0.000     0.000 r  clk (IN)
                         net (fo=44837, unset)        0.076     0.076    clk
    RAMB18_X1Y6          RAMB18E2                                     r  u0/stage1/op_63/readout_reg/CLKBWRCLK
  -------------------------------------------------------------------    -------------------
    RAMB18_X1Y6          RAMB18E2 (Prop_RAMB18E2_L_RAMB180_CLKBWRCLK_DOUTBDOUT[0])
                                                      0.229     0.305 r  u0/stage1/op_63/readout_reg/DOUTBDOUT[0]
                         net (fo=3, routed)           0.255     0.560    u0/stage2_inp[1824]
    SLICE_X22Y16         LUT4 (Prop_G6LUT_SLICEL_I3_O)
                                                      0.149     0.709 r  op_580/i___537_i_1/O
                         net (fo=3, routed)           0.057     0.766    op_580/i___537_i_1_n_0
    SLICE_X22Y16         LUT5 (Prop_C5LUT_SLICEL_I2_O)
                                                      0.136     0.902 r  u0/stage2/i___544/O
                         net (fo=4, routed)           0.166     1.068    u0/stage2/i___544_n_0
    SLICE_X22Y16         LUT3 (Prop_B5LUT_SLICEL_I2_O)
                                                      0.073     1.141 r  op_580/i___539_i_1/O
                         net (fo=4, routed)           0.212     1.353    op_580/i___539_i_1_n_0
    SLICE_X22Y16         LUT3 (Prop_A6LUT_SLICEL_I2_O)
                                                      0.050     1.403 r  op_580/i___95_i_1/O
                         net (fo=2, routed)           0.232     1.635    op_580/i___95_i_1_n_0
    SLICE_X23Y16         LUT6 (Prop_H6LUT_SLICEL_I5_O)
                                                      0.036     1.671 r  u0/stage2/i___539/O
                         net (fo=1, routed)           0.010     1.681    u0/stage2/i___539_n_0
    SLICE_X23Y16         CARRY8 (Prop_CARRY8_SLICEL_S[7]_CO[7])
                                                      0.115     1.796 r  u0/stage2/op_1700/accum_carry/CO[7]
                         net (fo=1, routed)           0.026     1.822    u0/stage2/op_1700/accum_carry_n_0
    SLICE_X23Y17         CARRY8 (Prop_CARRY8_SLICEL_CI_O[0])
                                                      0.063     1.885 r  u0/stage2/op_1700/accum_carry__0/O[0]
                         net (fo=4, routed)           0.284     2.169    u0/stage3_inp[261]
    SLICE_X22Y15         LUT4 (Prop_A6LUT_SLICEL_I3_O)
                                                      0.124     2.293 r  u0/stage2/i___858/O
                         net (fo=4, routed)           0.206     2.499    u0/stage2/i___858_n_0
    SLICE_X22Y12         LUT5 (Prop_G6LUT_SLICEL_I1_O)
                                                      0.089     2.588 r  v63_reg[1]_srl3_i_1/O
                         net (fo=1, routed)           0.280     2.868    u0/stage3_inp[2025]
    SLICE_X19Y16         SRL16E                                       r  u0/stage5/v63_reg[1]_srl3/D
  -------------------------------------------------------------------    -------------------

                         (clock sys_clk rise edge)    3.000     3.000 r  
                                                      0.000     3.000 r  clk (IN)
                         net (fo=44837, unset)        0.043     3.043    clk
    SLICE_X19Y16         SRL16E                                       r  u0/stage5/v63_reg[1]_srl3/CLK
                         clock pessimism              0.000     3.043    
                         clock uncertainty           -0.035     3.008    
    SLICE_X19Y16         SRL16E (Setup_C6LUT_SLICEM_CLK_D)
                                                     -0.060     2.948    u0/stage5/v63_reg[1]_srl3
  -------------------------------------------------------------------
                         required time                          2.948    
                         arrival time                          -2.868    
  -------------------------------------------------------------------
                         slack                                  0.080    





Min Delay Paths
--------------------------------------------------------------------------------------
Slack (MET) :             0.039ns  (arrival time - required time)
  Source:                 u0/stage3/v23_reg[4]/C
                            (rising edge-triggered cell FDRE clocked by sys_clk  {rise@0.000ns fall@1.500ns period=3.000ns})
  Destination:            u0/stage4_inp_reg[201]/D
                            (rising edge-triggered cell FDRE clocked by sys_clk  {rise@0.000ns fall@1.500ns period=3.000ns})
  Path Group:             sys_clk
  Path Type:              Hold (Min at Fast Process Corner)
  Requirement:            0.000ns  (sys_clk rise@0.000ns - sys_clk rise@0.000ns)
  Data Path Delay:        0.091ns  (logic 0.038ns (41.758%)  route 0.053ns (58.242%))
  Logic Levels:           0  
  Clock Path Skew:        0.006ns (DCD - SCD - CPR)
    Destination Clock Delay (DCD):    0.019ns
    Source Clock Delay      (SCD):    0.013ns
    Clock Pessimism Removal (CPR):    -0.000ns

    Location             Delay type                Incr(ns)  Path(ns)    Netlist Resource(s)
  -------------------------------------------------------------------    -------------------
                         (clock sys_clk rise edge)    0.000     0.000 r  
                                                      0.000     0.000 r  clk (IN)
                         net (fo=44837, unset)        0.013     0.013    clk
    SLICE_X30Y6          FDRE                                         r  u0/stage3/v23_reg[4]/C
  -------------------------------------------------------------------    -------------------
    SLICE_X30Y6          FDRE (Prop_EFF_SLICEM_C_Q)
                                                      0.038     0.051 r  u0/stage3/v23_reg[4]/Q
                         net (fo=1, routed)           0.053     0.104    u0/stage3_out__0[201]
    SLICE_X30Y7          FDRE                                         r  u0/stage4_inp_reg[201]/D
  -------------------------------------------------------------------    -------------------

                         (clock sys_clk rise edge)    0.000     0.000 r  
                                                      0.000     0.000 r  clk (IN)
                         net (fo=44837, unset)        0.019     0.019    clk
    SLICE_X30Y7          FDRE                                         r  u0/stage4_inp_reg[201]/C
                         clock pessimism              0.000     0.019    
    SLICE_X30Y7          FDRE (Hold_CFF_SLICEM_C_D)
                                                      0.046     0.065    u0/stage4_inp_reg[201]
  -------------------------------------------------------------------
                         required time                         -0.065    
                         arrival time                           0.104    
  -------------------------------------------------------------------
                         slack                                  0.039    





Pulse Width Checks
--------------------------------------------------------------------------------------
Clock Name:         sys_clk
Waveform(ns):       { 0.000 1.500 }
Period(ns):         3.000
Sources:            { clk }

Check Type        Corner  Lib Pin             Reference Pin  Required(ns)  Actual(ns)  Slack(ns)  Location      Pin
Min Period        n/a     RAMB18E2/CLKARDCLK  n/a            1.355         3.000       1.645      RAMB18_X2Y16  u0/stage1/op_1/readout_reg/CLKARDCLK
Low Pulse Width   Slow    RAMB18E2/CLKARDCLK  n/a            0.542         1.500       0.958      RAMB18_X2Y16  u0/stage1/op_1/readout_reg/CLKARDCLK
High Pulse Width  Slow    RAMB18E2/CLKARDCLK  n/a            0.542         1.500       0.958      RAMB18_X2Y16  u0/stage1/op_1/readout_reg/CLKARDCLK



