Copyright 1986-2022 Xilinx, Inc. All Rights Reserved. Copyright 2022-2025 Advanced Micro Devices, Inc. All Rights Reserved.
--------------------------------------------------------------------------------------------------------------------------------------------------
| Tool Version      : Vivado v.2025.1 (lin64) Build 6140274 Wed May 21 22:58:25 MDT 2025
| Date              : Thu Jun 11 21:16:21 2026
| Host              : KHA-PC running 64-bit Ubuntu 25.10
| Command           : report_timing_summary -file /tmp/jsc_relaxed_10_10/output_jsc/reports/jsc_post_place_timing.rpt
| Design            : jsc
| Device            : xczu7ev-ffvc1156
| Speed File        : -2  PRODUCTION 1.30 05-15-2022
| Design State      : Physopt postPlace
| Temperature Grade : E
--------------------------------------------------------------------------------------------------------------------------------------------------

Timing Summary Report

------------------------------------------------------------------------------------------------
| Timer Settings
| --------------
------------------------------------------------------------------------------------------------

  Enable Multi Corner Analysis               :  Yes
  Enable Pessimism Removal                   :  Yes
  Pessimism Removal Resolution               :  Nearest Common Node
  Enable Input Delay Default Clock           :  No
  Enable Preset / Clear Arcs                 :  No
  Disable Flight Delays                      :  No
  Ignore I/O Paths                           :  No
  Timing Early Launch at Borrowing Latches   :  No
  Borrow Time for Max Delay Exceptions       :  Yes
  Merge Timing Exceptions                    :  Yes
  Inter-SLR Compensation                     :  Conservative

  Corner  Analyze    Analyze    
  Name    Max Paths  Min Paths  
  ------  ---------  ---------  
  Slow    Yes        Yes        
  Fast    Yes        Yes        


------------------------------------------------------------------------------------------------
| Report Methodology
| ------------------
------------------------------------------------------------------------------------------------

No report available as report_methodology has not been run prior. Run report_methodology on the current design for the summary of methodology violations.



check_timing report

Table of Contents
-----------------
1. checking no_clock (0)
2. checking constant_clock (0)
3. checking pulse_width_clock (0)
4. checking unconstrained_internal_endpoints (0)
5. checking no_input_delay (0)
6. checking no_output_delay (0)
7. checking multiple_clock (0)
8. checking generated_clocks (0)
9. checking loops (0)
10. checking partial_input_delay (0)
11. checking partial_output_delay (0)
12. checking latch_loops (0)

1. checking no_clock (0)
------------------------
 There are 0 register/latch pins with no clock.


2. checking constant_clock (0)
------------------------------
 There are 0 register/latch pins with constant_clock.


3. checking pulse_width_clock (0)
---------------------------------
 There are 0 register/latch pins which need pulse_width check


4. checking unconstrained_internal_endpoints (0)
------------------------------------------------
 There are 0 pins that are not constrained for maximum delay.

 There are 0 pins that are not constrained for maximum delay due to constant clock.


5. checking no_input_delay (0)
------------------------------
 There are 0 input ports with no input delay specified.

 There are 0 input ports with no input delay but user has a false path constraint.


6. checking no_output_delay (0)
-------------------------------
 There are 0 ports with no output delay specified.

 There are 0 ports with no output delay but user has a false path constraint

 There are 0 ports with no output delay but with a timing clock defined on it or propagating through it


7. checking multiple_clock (0)
------------------------------
 There are 0 register/latch pins with multiple clocks.


8. checking generated_clocks (0)
--------------------------------
 There are 0 generated clocks that are not connected to a clock source.


9. checking loops (0)
---------------------
 There are 0 combinational loops in the design.


10. checking partial_input_delay (0)
------------------------------------
 There are 0 input ports with partial input delay specified.


11. checking partial_output_delay (0)
-------------------------------------
 There are 0 ports with partial output delay specified.


12. checking latch_loops (0)
----------------------------
 There are 0 combinational latch loops in the design through latch input



------------------------------------------------------------------------------------------------
| Design Timing Summary
| ---------------------
------------------------------------------------------------------------------------------------

    WNS(ns)      TNS(ns)  TNS Failing Endpoints  TNS Total Endpoints      WHS(ns)      THS(ns)  THS Failing Endpoints  THS Total Endpoints     WPWS(ns)     TPWS(ns)  TPWS Failing Endpoints  TPWS Total Endpoints  
    -------      -------  ---------------------  -------------------      -------      -------  ---------------------  -------------------     --------     --------  ----------------------  --------------------  
      0.302        0.000                      0                20638       -0.411    -3411.150                  14302                20638        1.958        0.000                       0                 20558  


Timing constraints are not met.


------------------------------------------------------------------------------------------------
| Clock Summary
| -------------
------------------------------------------------------------------------------------------------

Clock    Waveform(ns)         Period(ns)      Frequency(MHz)
-----    ------------         ----------      --------------
sys_clk  {0.000 2.500}        5.000           200.000         


------------------------------------------------------------------------------------------------
| Intra Clock Table
| -----------------
------------------------------------------------------------------------------------------------

Clock             WNS(ns)      TNS(ns)  TNS Failing Endpoints  TNS Total Endpoints      WHS(ns)      THS(ns)  THS Failing Endpoints  THS Total Endpoints     WPWS(ns)     TPWS(ns)  TPWS Failing Endpoints  TPWS Total Endpoints  
-----             -------      -------  ---------------------  -------------------      -------      -------  ---------------------  -------------------     --------     --------  ----------------------  --------------------  
sys_clk             0.302        0.000                      0                20638       -0.411    -3411.150                  14302                20638        1.958        0.000                       0                 20558  


------------------------------------------------------------------------------------------------
| Inter Clock Table
| -----------------
------------------------------------------------------------------------------------------------

From Clock    To Clock          WNS(ns)      TNS(ns)  TNS Failing Endpoints  TNS Total Endpoints      WHS(ns)      THS(ns)  THS Failing Endpoints  THS Total Endpoints  
----------    --------          -------      -------  ---------------------  -------------------      -------      -------  ---------------------  -------------------  


------------------------------------------------------------------------------------------------
| Other Path Groups Table
| -----------------------
------------------------------------------------------------------------------------------------

Path Group    From Clock    To Clock          WNS(ns)      TNS(ns)  TNS Failing Endpoints  TNS Total Endpoints      WHS(ns)      THS(ns)  THS Failing Endpoints  THS Total Endpoints  
----------    ----------    --------          -------      -------  ---------------------  -------------------      -------      -------  ---------------------  -------------------  


------------------------------------------------------------------------------------------------
| Timing Details
| --------------
------------------------------------------------------------------------------------------------


---------------------------------------------------------------------------------------------------
From Clock:  sys_clk
  To Clock:  sys_clk

Setup :            0  Failing Endpoints,  Worst Slack        0.302ns,  Total Violation        0.000ns
Hold  :        14302  Failing Endpoints,  Worst Slack       -0.411ns,  Total Violation    -3411.150ns
PW    :            0  Failing Endpoints,  Worst Slack        1.958ns,  Total Violation        0.000ns
---------------------------------------------------------------------------------------------------


Max Delay Paths
--------------------------------------------------------------------------------------
Slack (MET) :             0.302ns  (required time - arrival time)
  Source:                 stage4_inp_reg[174]/C
                            (rising edge-triggered cell FDRE clocked by sys_clk  {rise@0.000ns fall@2.500ns period=5.000ns})
  Destination:            stage5_inp_reg[3318]/D
                            (rising edge-triggered cell FDRE clocked by sys_clk  {rise@0.000ns fall@2.500ns period=5.000ns})
  Path Group:             sys_clk
  Path Type:              Setup (Max at Slow Process Corner)
  Requirement:            5.000ns  (sys_clk rise@5.000ns - sys_clk rise@0.000ns)
  Data Path Delay:        4.178ns  (logic 0.735ns (17.592%)  route 3.443ns (82.408%))
  Logic Levels:           10  (LUT1=1 LUT2=3 LUT4=1 LUT5=2 LUT6=3)
  Clock Path Skew:        -0.010ns (DCD - SCD + CPR)
    Destination Clock Delay (DCD):    0.020ns = ( 5.020 - 5.000 ) 
    Source Clock Delay      (SCD):    0.030ns
    Clock Pessimism Removal (CPR):    0.000ns
  Clock Uncertainty:      0.535ns  ((TSJ^2 + TIJ^2)^1/2 + DJ) / 2 + PE + UU
    Total System Jitter     (TSJ):    0.071ns
    Total Input Jitter      (TIJ):    0.000ns
    Discrete Jitter          (DJ):    0.000ns
    Phase Error              (PE):    0.000ns
    User Uncertainty         (UU):    0.500ns

    Location             Delay type                Incr(ns)  Path(ns)    Netlist Resource(s)
  -------------------------------------------------------------------    -------------------
                         (clock sys_clk rise edge)    0.000     0.000 r  
                                                      0.000     0.000 r  clk (IN)
                         net (fo=20557, unset)        0.030     0.030    clk
    SLICE_X71Y120        FDRE                                         r  stage4_inp_reg[174]/C
  -------------------------------------------------------------------    -------------------
    SLICE_X71Y120        FDRE (Prop_DFF_SLICEM_C_Q)
                                                      0.078     0.108 r  stage4_inp_reg[174]/Q
                         net (fo=4, estimated)        0.289     0.397    stage4_inp[174]
    SLICE_X67Y120        LUT4 (Prop_F6LUT_SLICEM_I1_O)
                                                      0.088     0.485 r  stage4/op_38/stage5_inp[3481]_i_9/O
                         net (fo=1, estimated)        0.178     0.663    stage4/v38[1]
    SLICE_X68Y121        LUT6 (Prop_H6LUT_SLICEL_I2_O)
                                                      0.036     0.699 r  stage4/op_204/stage5_inp[3481]_i_8/O
                         net (fo=3, estimated)        0.185     0.884    stage4/op_204/stage5_inp[3481]_i_8_n_0
    SLICE_X67Y122        LUT5 (Prop_D5LUT_SLICEM_I2_O)
                                                      0.066     0.950 r  stage4/op_204/i__i_4/O
                         net (fo=3, estimated)        0.174     1.124    stage4/op_204/i__i_4_n_0
    SLICE_X67Y122        LUT5 (Prop_C6LUT_SLICEM_I4_O)
                                                      0.037     1.161 r  stage4/op_204/accum_i_9/O
                         net (fo=2, estimated)        0.136     1.297    stage4/op_204/accum_i_9_n_0
    SLICE_X67Y122        LUT6 (Prop_G6LUT_SLICEM_I4_O)
                                                      0.037     1.334 r  i__i_3__52/O
                         net (fo=2, estimated)        0.091     1.425    stage4/v204[5]
    SLICE_X66Y122        LUT2 (Prop_D5LUT_SLICEL_I1_O)
                                                      0.066     1.491 r  i__i_1__71/O
                         net (fo=15, estimated)       0.442     1.933    stage4/v205[5]
    SLICE_X67Y133        LUT2 (Prop_H5LUT_SLICEM_I0_O)
                                                      0.066     1.999 f  stage5_inp[3314]_i_2/O
                         net (fo=9, estimated)        0.239     2.238    stage5_inp[3314]_i_2_n_0
    SLICE_X66Y129        LUT2 (Prop_D5LUT_SLICEL_I1_O)
                                                      0.157     2.395 r  stage5_inp[3318]_i_2/O
                         net (fo=4, estimated)        0.133     2.528    stage5_inp[3318]_i_2_n_0
    SLICE_X68Y129        LUT6 (Prop_C6LUT_SLICEL_I0_O)
                                                      0.035     2.563 r  stage5_inp[3318]_i_1/O
                         net (fo=1, estimated)        0.710     3.273    stage4_out[3318]
    SLICE_X58Y129        LUT1 (Prop_A5LUT_SLICEL_I0_O)
                                                      0.069     3.342 r  stage4_out[3318]_hold_fix/O
                         net (fo=1, estimated)        0.866     4.208    stage4_out[3318]_hold_fix_1
    SLICE_X68Y129        FDRE                                         r  stage5_inp_reg[3318]/D
  -------------------------------------------------------------------    -------------------

                         (clock sys_clk rise edge)    5.000     5.000 r  
                                                      0.000     5.000 r  clk (IN)
                         net (fo=20557, unset)        0.020     5.020    clk
    SLICE_X68Y129        FDRE                                         r  stage5_inp_reg[3318]/C
                         clock pessimism              0.000     5.020    
                         clock uncertainty           -0.535     4.485    
    SLICE_X68Y129        FDRE (Setup_CFF_SLICEL_C_D)
                                                      0.025     4.510    stage5_inp_reg[3318]
  -------------------------------------------------------------------
                         required time                          4.510    
                         arrival time                          -4.208    
  -------------------------------------------------------------------
                         slack                                  0.302    





Min Delay Paths
--------------------------------------------------------------------------------------
Slack (VIOLATED) :        -0.411ns  (arrival time - required time)
  Source:                 stage3_inp_reg[1874]/C
                            (rising edge-triggered cell FDRE clocked by sys_clk  {rise@0.000ns fall@2.500ns period=5.000ns})
  Destination:            stage4_inp_reg[1924]/D
                            (rising edge-triggered cell FDRE clocked by sys_clk  {rise@0.000ns fall@2.500ns period=5.000ns})
  Path Group:             sys_clk
  Path Type:              Hold (Min at Fast Process Corner)
  Requirement:            0.000ns  (sys_clk rise@0.000ns - sys_clk rise@0.000ns)
  Data Path Delay:        0.142ns  (logic 0.039ns (27.465%)  route 0.103ns (72.535%))
  Logic Levels:           0  
  Clock Path Skew:        0.006ns (DCD - SCD - CPR)
    Destination Clock Delay (DCD):    0.019ns
    Source Clock Delay      (SCD):    0.013ns
    Clock Pessimism Removal (CPR):    -0.000ns
  Clock Uncertainty:      0.500ns  ((TSJ^2 + TIJ^2)^1/2 + DJ) / 2 + PE + UU
    Total System Jitter     (TSJ):    0.000ns
    Total Input Jitter      (TIJ):    0.000ns
    Discrete Jitter          (DJ):    0.000ns
    Phase Error              (PE):    0.000ns
    User Uncertainty         (UU):    0.500ns

    Location             Delay type                Incr(ns)  Path(ns)    Netlist Resource(s)
  -------------------------------------------------------------------    -------------------
                         (clock sys_clk rise edge)    0.000     0.000 r  
                                                      0.000     0.000 r  clk (IN)
                         net (fo=20557, unset)        0.013     0.013    clk
    SLICE_X71Y6          FDRE                                         r  stage3_inp_reg[1874]/C
  -------------------------------------------------------------------    -------------------
    SLICE_X71Y6          FDRE (Prop_GFF_SLICEM_C_Q)
                                                      0.039     0.052 r  stage3_inp_reg[1874]/Q
                         net (fo=1, estimated)        0.103     0.155    stage3_inp[1874]
    SLICE_X70Y8          FDRE                                         r  stage4_inp_reg[1924]/D
  -------------------------------------------------------------------    -------------------

                         (clock sys_clk rise edge)    0.000     0.000 r  
                                                      0.000     0.000 r  clk (IN)
                         net (fo=20557, unset)        0.019     0.019    clk
    SLICE_X70Y8          FDRE                                         r  stage4_inp_reg[1924]/C
                         clock pessimism              0.000     0.019    
                         clock uncertainty            0.500     0.519    
    SLICE_X70Y8          FDRE (Hold_EFF2_SLICEM_C_D)
                                                      0.047     0.566    stage4_inp_reg[1924]
  -------------------------------------------------------------------
                         required time                         -0.566    
                         arrival time                           0.155    
  -------------------------------------------------------------------
                         slack                                 -0.411    





Pulse Width Checks
--------------------------------------------------------------------------------------
Clock Name:         sys_clk
Waveform(ns):       { 0.000 2.500 }
Period(ns):         5.000
Sources:            { clk }

Check Type        Corner  Lib Pin             Reference Pin  Required(ns)  Actual(ns)  Slack(ns)  Location      Pin
Min Period        n/a     RAMB36E2/CLKARDCLK  n/a            1.355         5.000       3.645      RAMB36_X2Y20  stage7/op_375/readout_reg_0/CLKARDCLK
Low Pulse Width   Slow    RAMB36E2/CLKARDCLK  n/a            0.542         2.500       1.958      RAMB36_X2Y20  stage7/op_375/readout_reg_0/CLKARDCLK
High Pulse Width  Slow    RAMB36E2/CLKARDCLK  n/a            0.542         2.500       1.958      RAMB36_X2Y20  stage7/op_375/readout_reg_0/CLKARDCLK



