Copyright 1986-2022 Xilinx, Inc. All Rights Reserved. Copyright 2022-2025 Advanced Micro Devices, Inc. All Rights Reserved.
--------------------------------------------------------------------------------------------------------------------------------------------------
| Tool Version      : Vivado v.2025.1 (lin64) Build 6140274 Wed May 21 22:58:25 MDT 2025
| Date              : Thu Jun 11 21:18:11 2026
| Host              : KHA-PC running 64-bit Ubuntu 25.10
| Command           : report_timing_summary -file /tmp/jsc_relaxed_10_10/output_jsc/reports/jsc_post_route_timing.rpt
| Design            : jsc
| Device            : xczu7ev-ffvc1156
| Speed File        : -2  PRODUCTION 1.30 05-15-2022
| Design State      : Routed
| Temperature Grade : E
--------------------------------------------------------------------------------------------------------------------------------------------------

Timing Summary Report

------------------------------------------------------------------------------------------------
| Timer Settings
| --------------
------------------------------------------------------------------------------------------------

  Enable Multi Corner Analysis               :  Yes
  Enable Pessimism Removal                   :  Yes
  Pessimism Removal Resolution               :  Nearest Common Node
  Enable Input Delay Default Clock           :  No
  Enable Preset / Clear Arcs                 :  No
  Disable Flight Delays                      :  No
  Ignore I/O Paths                           :  No
  Timing Early Launch at Borrowing Latches   :  No
  Borrow Time for Max Delay Exceptions       :  Yes
  Merge Timing Exceptions                    :  Yes
  Inter-SLR Compensation                     :  Conservative

  Corner  Analyze    Analyze    
  Name    Max Paths  Min Paths  
  ------  ---------  ---------  
  Slow    Yes        Yes        
  Fast    Yes        Yes        


------------------------------------------------------------------------------------------------
| Report Methodology
| ------------------
------------------------------------------------------------------------------------------------

No report available as report_methodology has not been run prior. Run report_methodology on the current design for the summary of methodology violations.



check_timing report

Table of Contents
-----------------
1. checking no_clock (0)
2. checking constant_clock (0)
3. checking pulse_width_clock (0)
4. checking unconstrained_internal_endpoints (0)
5. checking no_input_delay (0)
6. checking no_output_delay (0)
7. checking multiple_clock (0)
8. checking generated_clocks (0)
9. checking loops (0)
10. checking partial_input_delay (0)
11. checking partial_output_delay (0)
12. checking latch_loops (0)

1. checking no_clock (0)
------------------------
 There are 0 register/latch pins with no clock.


2. checking constant_clock (0)
------------------------------
 There are 0 register/latch pins with constant_clock.


3. checking pulse_width_clock (0)
---------------------------------
 There are 0 register/latch pins which need pulse_width check


4. checking unconstrained_internal_endpoints (0)
------------------------------------------------
 There are 0 pins that are not constrained for maximum delay.

 There are 0 pins that are not constrained for maximum delay due to constant clock.


5. checking no_input_delay (0)
------------------------------
 There are 0 input ports with no input delay specified.

 There are 0 input ports with no input delay but user has a false path constraint.


6. checking no_output_delay (0)
-------------------------------
 There are 0 ports with no output delay specified.

 There are 0 ports with no output delay but user has a false path constraint

 There are 0 ports with no output delay but with a timing clock defined on it or propagating through it


7. checking multiple_clock (0)
------------------------------
 There are 0 register/latch pins with multiple clocks.


8. checking generated_clocks (0)
--------------------------------
 There are 0 generated clocks that are not connected to a clock source.


9. checking loops (0)
---------------------
 There are 0 combinational loops in the design.


10. checking partial_input_delay (0)
------------------------------------
 There are 0 input ports with partial input delay specified.


11. checking partial_output_delay (0)
-------------------------------------
 There are 0 ports with partial output delay specified.


12. checking latch_loops (0)
----------------------------
 There are 0 combinational latch loops in the design through latch input



------------------------------------------------------------------------------------------------
| Design Timing Summary
| ---------------------
------------------------------------------------------------------------------------------------

    WNS(ns)      TNS(ns)  TNS Failing Endpoints  TNS Total Endpoints      WHS(ns)      THS(ns)  THS Failing Endpoints  THS Total Endpoints     WPWS(ns)     TPWS(ns)  TPWS Failing Endpoints  TPWS Total Endpoints  
    -------      -------  ---------------------  -------------------      -------      -------  ---------------------  -------------------     --------     --------  ----------------------  --------------------  
      0.086        0.000                      0                20638        0.020        0.000                      0                20638        1.958        0.000                       0                 20558  


All user specified timing constraints are met.


------------------------------------------------------------------------------------------------
| Clock Summary
| -------------
------------------------------------------------------------------------------------------------

Clock    Waveform(ns)         Period(ns)      Frequency(MHz)
-----    ------------         ----------      --------------
sys_clk  {0.000 2.500}        5.000           200.000         


------------------------------------------------------------------------------------------------
| Intra Clock Table
| -----------------
------------------------------------------------------------------------------------------------

Clock             WNS(ns)      TNS(ns)  TNS Failing Endpoints  TNS Total Endpoints      WHS(ns)      THS(ns)  THS Failing Endpoints  THS Total Endpoints     WPWS(ns)     TPWS(ns)  TPWS Failing Endpoints  TPWS Total Endpoints  
-----             -------      -------  ---------------------  -------------------      -------      -------  ---------------------  -------------------     --------     --------  ----------------------  --------------------  
sys_clk             0.086        0.000                      0                20638        0.020        0.000                      0                20638        1.958        0.000                       0                 20558  


------------------------------------------------------------------------------------------------
| Inter Clock Table
| -----------------
------------------------------------------------------------------------------------------------

From Clock    To Clock          WNS(ns)      TNS(ns)  TNS Failing Endpoints  TNS Total Endpoints      WHS(ns)      THS(ns)  THS Failing Endpoints  THS Total Endpoints  
----------    --------          -------      -------  ---------------------  -------------------      -------      -------  ---------------------  -------------------  


------------------------------------------------------------------------------------------------
| Other Path Groups Table
| -----------------------
------------------------------------------------------------------------------------------------

Path Group    From Clock    To Clock          WNS(ns)      TNS(ns)  TNS Failing Endpoints  TNS Total Endpoints      WHS(ns)      THS(ns)  THS Failing Endpoints  THS Total Endpoints  
----------    ----------    --------          -------      -------  ---------------------  -------------------      -------      -------  ---------------------  -------------------  


------------------------------------------------------------------------------------------------
| Timing Details
| --------------
------------------------------------------------------------------------------------------------


---------------------------------------------------------------------------------------------------
From Clock:  sys_clk
  To Clock:  sys_clk

Setup :            0  Failing Endpoints,  Worst Slack        0.086ns,  Total Violation        0.000ns
Hold  :            0  Failing Endpoints,  Worst Slack        0.020ns,  Total Violation        0.000ns
PW    :            0  Failing Endpoints,  Worst Slack        1.958ns,  Total Violation        0.000ns
---------------------------------------------------------------------------------------------------


Max Delay Paths
--------------------------------------------------------------------------------------
Slack (MET) :             0.086ns  (required time - arrival time)
  Source:                 stage0_inp_reg[996]/C
                            (rising edge-triggered cell FDRE clocked by sys_clk  {rise@0.000ns fall@2.500ns period=5.000ns})
  Destination:            stage1_inp_reg[5970]/D
                            (rising edge-triggered cell FDRE clocked by sys_clk  {rise@0.000ns fall@2.500ns period=5.000ns})
  Path Group:             sys_clk
  Path Type:              Setup (Max at Slow Process Corner)
  Requirement:            5.000ns  (sys_clk rise@5.000ns - sys_clk rise@0.000ns)
  Data Path Delay:        4.393ns  (logic 0.863ns (19.644%)  route 3.530ns (80.356%))
  Logic Levels:           7  (LUT2=3 LUT4=1 LUT5=1 LUT6=2)
  Clock Path Skew:        -0.010ns (DCD - SCD + CPR)
    Destination Clock Delay (DCD):    0.020ns = ( 5.020 - 5.000 ) 
    Source Clock Delay      (SCD):    0.030ns
    Clock Pessimism Removal (CPR):    0.000ns
  Clock Uncertainty:      0.535ns  ((TSJ^2 + TIJ^2)^1/2 + DJ) / 2 + PE + UU
    Total System Jitter     (TSJ):    0.071ns
    Total Input Jitter      (TIJ):    0.000ns
    Discrete Jitter          (DJ):    0.000ns
    Phase Error              (PE):    0.000ns
    User Uncertainty         (UU):    0.500ns

    Location             Delay type                Incr(ns)  Path(ns)    Netlist Resource(s)
  -------------------------------------------------------------------    -------------------
                         (clock sys_clk rise edge)    0.000     0.000 r  
                                                      0.000     0.000 r  clk (IN)
                         net (fo=20557, unset)        0.030     0.030    clk
    SLICE_X63Y3          FDRE                                         r  stage0_inp_reg[996]/C
  -------------------------------------------------------------------    -------------------
    SLICE_X63Y3          FDRE (Prop_EFF2_SLICEM_C_Q)
                                                      0.079     0.109 r  stage0_inp_reg[996]/Q
                         net (fo=12, routed)          0.195     0.304    stage0_inp[996]
    SLICE_X63Y3          LUT2 (Prop_H6LUT_SLICEM_I0_O)
                                                      0.152     0.456 r  stage1_inp[5966]_i_2/O
                         net (fo=8, routed)           0.977     1.433    stage1_inp[5966]_i_2_n_0
    SLICE_X71Y5          LUT4 (Prop_C6LUT_SLICEM_I0_O)
                                                      0.145     1.578 r  g0_b0__259__0_i_10/O
                         net (fo=4, routed)           0.240     1.818    stage0/v8187[1]
    SLICE_X71Y5          LUT2 (Prop_B5LUT_SLICEM_I0_O)
                                                      0.072     1.890 r  op_10078/g0_b0__259__0_i_8/O
                         net (fo=5, routed)           0.198     2.088    stage0/v10078_0[1]
    SLICE_X71Y5          LUT6 (Prop_G6LUT_SLICEM_I5_O)
                                                      0.150     2.238 r  i__i_4__28/O
                         net (fo=4, routed)           0.630     2.868    i__i_4__28_n_0
    SLICE_X79Y34         LUT2 (Prop_B6LUT_SLICEM_I1_O)
                                                      0.089     2.957 r  i__i_7__22/O
                         net (fo=4, routed)           0.598     3.555    i__i_7__22_n_0
    SLICE_X73Y5          LUT6 (Prop_G6LUT_SLICEM_I0_O)
                                                      0.052     3.607 r  stage1_inp[5972]_i_2/O
                         net (fo=3, routed)           0.644     4.251    stage1_inp[5972]_i_2_n_0
    SLICE_X80Y49         LUT5 (Prop_A6LUT_SLICEL_I1_O)
                                                      0.124     4.375 r  stage1_inp[5970]_i_1/O
                         net (fo=1, routed)           0.048     4.423    stage0_out[5970]
    SLICE_X80Y49         FDRE                                         r  stage1_inp_reg[5970]/D
  -------------------------------------------------------------------    -------------------

                         (clock sys_clk rise edge)    5.000     5.000 r  
                                                      0.000     5.000 r  clk (IN)
                         net (fo=20557, unset)        0.020     5.020    clk
    SLICE_X80Y49         FDRE                                         r  stage1_inp_reg[5970]/C
                         clock pessimism              0.000     5.020    
                         clock uncertainty           -0.535     4.485    
    SLICE_X80Y49         FDRE (Setup_AFF_SLICEL_C_D)
                                                      0.025     4.510    stage1_inp_reg[5970]
  -------------------------------------------------------------------
                         required time                          4.510    
                         arrival time                          -4.423    
  -------------------------------------------------------------------
                         slack                                  0.086    





Min Delay Paths
--------------------------------------------------------------------------------------
Slack (MET) :             0.020ns  (arrival time - required time)
  Source:                 stage1_inp_reg[5399]/C
                            (rising edge-triggered cell FDRE clocked by sys_clk  {rise@0.000ns fall@2.500ns period=5.000ns})
  Destination:            stage2_inp_reg[2289]/D
                            (rising edge-triggered cell FDRE clocked by sys_clk  {rise@0.000ns fall@2.500ns period=5.000ns})
  Path Group:             sys_clk
  Path Type:              Hold (Min at Fast Process Corner)
  Requirement:            0.000ns  (sys_clk rise@0.000ns - sys_clk rise@0.000ns)
  Data Path Delay:        0.573ns  (logic 0.089ns (15.526%)  route 0.484ns (84.474%))
  Logic Levels:           1  (LUT4=1)
  Clock Path Skew:        0.007ns (DCD - SCD - CPR)
    Destination Clock Delay (DCD):    0.019ns
    Source Clock Delay      (SCD):    0.012ns
    Clock Pessimism Removal (CPR):    -0.000ns
  Clock Uncertainty:      0.500ns  ((TSJ^2 + TIJ^2)^1/2 + DJ) / 2 + PE + UU
    Total System Jitter     (TSJ):    0.000ns
    Total Input Jitter      (TIJ):    0.000ns
    Discrete Jitter          (DJ):    0.000ns
    Phase Error              (PE):    0.000ns
    User Uncertainty         (UU):    0.500ns

    Location             Delay type                Incr(ns)  Path(ns)    Netlist Resource(s)
  -------------------------------------------------------------------    -------------------
                         (clock sys_clk rise edge)    0.000     0.000 r  
                                                      0.000     0.000 r  clk (IN)
                         net (fo=20557, unset)        0.012     0.012    clk
    SLICE_X97Y19         FDRE                                         r  stage1_inp_reg[5399]/C
  -------------------------------------------------------------------    -------------------
    SLICE_X97Y19         FDRE (Prop_DFF_SLICEL_C_Q)
                                                      0.039     0.051 r  stage1_inp_reg[5399]/Q
                         net (fo=3, routed)           0.467     0.518    stage1_inp[5399]
    SLICE_X97Y21         LUT4 (Prop_H6LUT_SLICEL_I1_O)
                                                      0.050     0.568 r  op_5818/stage2_inp[2289]_i_1/O
                         net (fo=1, routed)           0.017     0.585    stage1_out[2289]
    SLICE_X97Y21         FDRE                                         r  stage2_inp_reg[2289]/D
  -------------------------------------------------------------------    -------------------

                         (clock sys_clk rise edge)    0.000     0.000 r  
                                                      0.000     0.000 r  clk (IN)
                         net (fo=20557, unset)        0.019     0.019    clk
    SLICE_X97Y21         FDRE                                         r  stage2_inp_reg[2289]/C
                         clock pessimism              0.000     0.019    
                         clock uncertainty            0.500     0.519    
    SLICE_X97Y21         FDRE (Hold_HFF_SLICEL_C_D)
                                                      0.046     0.565    stage2_inp_reg[2289]
  -------------------------------------------------------------------
                         required time                         -0.565    
                         arrival time                           0.585    
  -------------------------------------------------------------------
                         slack                                  0.020    





Pulse Width Checks
--------------------------------------------------------------------------------------
Clock Name:         sys_clk
Waveform(ns):       { 0.000 2.500 }
Period(ns):         5.000
Sources:            { clk }

Check Type        Corner  Lib Pin             Reference Pin  Required(ns)  Actual(ns)  Slack(ns)  Location      Pin
Min Period        n/a     RAMB36E2/CLKARDCLK  n/a            1.355         5.000       3.645      RAMB36_X2Y20  stage7/op_375/readout_reg_0/CLKARDCLK
Low Pulse Width   Slow    RAMB36E2/CLKARDCLK  n/a            0.542         2.500       1.958      RAMB36_X2Y20  stage7/op_375/readout_reg_0/CLKARDCLK
High Pulse Width  Slow    RAMB36E2/CLKARDCLK  n/a            0.542         2.500       1.958      RAMB36_X2Y20  stage7/op_375/readout_reg_0/CLKARDCLK



