Copyright 1986-2022 Xilinx, Inc. All Rights Reserved. Copyright 2022-2025 Advanced Micro Devices, Inc. All Rights Reserved.
--------------------------------------------------------------------------------------------------------------------------------------------------
| Tool Version      : Vivado v.2025.1 (lin64) Build 6140274 Wed May 21 22:58:25 MDT 2025
| Date              : Thu Jun 11 21:15:06 2026
| Host              : KHA-PC running 64-bit Ubuntu 25.10
| Command           : report_timing_summary -file /tmp/jsc_relaxed_10_10/output_jsc/reports/jsc_post_synth_timing.rpt
| Design            : jsc
| Device            : xczu7ev-ffvc1156
| Speed File        : -2  PRODUCTION 1.30 05-15-2022
| Design State      : Synthesized
| Temperature Grade : E
--------------------------------------------------------------------------------------------------------------------------------------------------

Timing Summary Report

------------------------------------------------------------------------------------------------
| Timer Settings
| --------------
------------------------------------------------------------------------------------------------

  Enable Multi Corner Analysis               :  Yes
  Enable Pessimism Removal                   :  Yes
  Pessimism Removal Resolution               :  Nearest Common Node
  Enable Input Delay Default Clock           :  No
  Enable Preset / Clear Arcs                 :  No
  Disable Flight Delays                      :  No
  Ignore I/O Paths                           :  No
  Timing Early Launch at Borrowing Latches   :  No
  Borrow Time for Max Delay Exceptions       :  Yes
  Merge Timing Exceptions                    :  Yes
  Inter-SLR Compensation                     :  Conservative

  Corner  Analyze    Analyze    
  Name    Max Paths  Min Paths  
  ------  ---------  ---------  
  Slow    Yes        Yes        
  Fast    Yes        Yes        


------------------------------------------------------------------------------------------------
| Report Methodology
| ------------------
------------------------------------------------------------------------------------------------

No report available as report_methodology has not been run prior. Run report_methodology on the current design for the summary of methodology violations.



check_timing report

Table of Contents
-----------------
1. checking no_clock (0)
2. checking constant_clock (0)
3. checking pulse_width_clock (0)
4. checking unconstrained_internal_endpoints (0)
5. checking no_input_delay (0)
6. checking no_output_delay (0)
7. checking multiple_clock (0)
8. checking generated_clocks (0)
9. checking loops (0)
10. checking partial_input_delay (0)
11. checking partial_output_delay (0)
12. checking latch_loops (0)

1. checking no_clock (0)
------------------------
 There are 0 register/latch pins with no clock.


2. checking constant_clock (0)
------------------------------
 There are 0 register/latch pins with constant_clock.


3. checking pulse_width_clock (0)
---------------------------------
 There are 0 register/latch pins which need pulse_width check


4. checking unconstrained_internal_endpoints (0)
------------------------------------------------
 There are 0 pins that are not constrained for maximum delay.

 There are 0 pins that are not constrained for maximum delay due to constant clock.


5. checking no_input_delay (0)
------------------------------
 There are 0 input ports with no input delay specified.

 There are 0 input ports with no input delay but user has a false path constraint.


6. checking no_output_delay (0)
-------------------------------
 There are 0 ports with no output delay specified.

 There are 0 ports with no output delay but user has a false path constraint

 There are 0 ports with no output delay but with a timing clock defined on it or propagating through it


7. checking multiple_clock (0)
------------------------------
 There are 0 register/latch pins with multiple clocks.


8. checking generated_clocks (0)
--------------------------------
 There are 0 generated clocks that are not connected to a clock source.


9. checking loops (0)
---------------------
 There are 0 combinational loops in the design.


10. checking partial_input_delay (0)
------------------------------------
 There are 0 input ports with partial input delay specified.


11. checking partial_output_delay (0)
-------------------------------------
 There are 0 ports with partial output delay specified.


12. checking latch_loops (0)
----------------------------
 There are 0 combinational latch loops in the design through latch input



------------------------------------------------------------------------------------------------
| Design Timing Summary
| ---------------------
------------------------------------------------------------------------------------------------

    WNS(ns)      TNS(ns)  TNS Failing Endpoints  TNS Total Endpoints      WHS(ns)      THS(ns)  THS Failing Endpoints  THS Total Endpoints     WPWS(ns)     TPWS(ns)  TPWS Failing Endpoints  TPWS Total Endpoints  
    -------      -------  ---------------------  -------------------      -------      -------  ---------------------  -------------------     --------     --------  ----------------------  --------------------  
      1.349        0.000                      0                20645       -0.443    -5138.095                  16120                20645        1.958        0.000                       0                 20574  


Timing constraints are not met.


------------------------------------------------------------------------------------------------
| Clock Summary
| -------------
------------------------------------------------------------------------------------------------

Clock    Waveform(ns)         Period(ns)      Frequency(MHz)
-----    ------------         ----------      --------------
sys_clk  {0.000 2.500}        5.000           200.000         


------------------------------------------------------------------------------------------------
| Intra Clock Table
| -----------------
------------------------------------------------------------------------------------------------

Clock             WNS(ns)      TNS(ns)  TNS Failing Endpoints  TNS Total Endpoints      WHS(ns)      THS(ns)  THS Failing Endpoints  THS Total Endpoints     WPWS(ns)     TPWS(ns)  TPWS Failing Endpoints  TPWS Total Endpoints  
-----             -------      -------  ---------------------  -------------------      -------      -------  ---------------------  -------------------     --------     --------  ----------------------  --------------------  
sys_clk             1.349        0.000                      0                20645       -0.443    -5138.095                  16120                20645        1.958        0.000                       0                 20574  


------------------------------------------------------------------------------------------------
| Inter Clock Table
| -----------------
------------------------------------------------------------------------------------------------

From Clock    To Clock          WNS(ns)      TNS(ns)  TNS Failing Endpoints  TNS Total Endpoints      WHS(ns)      THS(ns)  THS Failing Endpoints  THS Total Endpoints  
----------    --------          -------      -------  ---------------------  -------------------      -------      -------  ---------------------  -------------------  


------------------------------------------------------------------------------------------------
| Other Path Groups Table
| -----------------------
------------------------------------------------------------------------------------------------

Path Group    From Clock    To Clock          WNS(ns)      TNS(ns)  TNS Failing Endpoints  TNS Total Endpoints      WHS(ns)      THS(ns)  THS Failing Endpoints  THS Total Endpoints  
----------    ----------    --------          -------      -------  ---------------------  -------------------      -------      -------  ---------------------  -------------------  


------------------------------------------------------------------------------------------------
| Timing Details
| --------------
------------------------------------------------------------------------------------------------


---------------------------------------------------------------------------------------------------
From Clock:  sys_clk
  To Clock:  sys_clk

Setup :            0  Failing Endpoints,  Worst Slack        1.349ns,  Total Violation        0.000ns
Hold  :        16120  Failing Endpoints,  Worst Slack       -0.443ns,  Total Violation    -5138.095ns
PW    :            0  Failing Endpoints,  Worst Slack        1.958ns,  Total Violation        0.000ns
---------------------------------------------------------------------------------------------------


Max Delay Paths
--------------------------------------------------------------------------------------
Slack (MET) :             1.349ns  (required time - arrival time)
  Source:                 stage0_inp_reg[3378]/C
                            (rising edge-triggered cell FDRE clocked by sys_clk  {rise@0.000ns fall@2.500ns period=5.000ns})
  Destination:            stage1_inp_reg[5452]/D
                            (rising edge-triggered cell FDRE clocked by sys_clk  {rise@0.000ns fall@2.500ns period=5.000ns})
  Path Group:             sys_clk
  Path Type:              Setup (Max at Slow Process Corner)
  Requirement:            5.000ns  (sys_clk rise@5.000ns - sys_clk rise@0.000ns)
  Data Path Delay:        3.132ns  (logic 0.773ns (24.681%)  route 2.359ns (75.319%))
  Logic Levels:           12  (LUT2=3 LUT3=1 LUT4=1 LUT5=3 LUT6=4)
  Clock Path Skew:        -0.009ns (DCD - SCD + CPR)
    Destination Clock Delay (DCD):    0.021ns = ( 5.021 - 5.000 ) 
    Source Clock Delay      (SCD):    0.030ns
    Clock Pessimism Removal (CPR):    0.000ns
  Clock Uncertainty:      0.535ns  ((TSJ^2 + TIJ^2)^1/2 + DJ) / 2 + PE + UU
    Total System Jitter     (TSJ):    0.071ns
    Total Input Jitter      (TIJ):    0.000ns
    Discrete Jitter          (DJ):    0.000ns
    Phase Error              (PE):    0.000ns
    User Uncertainty         (UU):    0.500ns

    Location             Delay type                Incr(ns)  Path(ns)    Netlist Resource(s)
  -------------------------------------------------------------------    -------------------
                         (clock sys_clk rise edge)    0.000     0.000 r  
                                                      0.000     0.000 r  clk (IN)
                         net (fo=20573, unset)        0.030     0.030    clk
                         FDRE                                         r  stage0_inp_reg[3378]/C
  -------------------------------------------------------------------    -------------------
                         FDRE (Prop_FDRE_C_Q)         0.077     0.107 r  stage0_inp_reg[3378]/Q
                         net (fo=7, unplaced)         0.179     0.286    stage0_inp[3378]
                         LUT6 (Prop_LUT6_I0_O)        0.150     0.436 r  g0_b0__180_i_7/O
                         net (fo=2, unplaced)         0.186     0.622    g0_b0__180_i_7_n_0
                         LUT2 (Prop_LUT2_I0_O)        0.038     0.660 f  g0_b0__180_i_6/O
                         net (fo=16, unplaced)        0.230     0.890    g0_b0__180_i_6_n_0
                         LUT2 (Prop_LUT2_I1_O)        0.070     0.960 f  g0_b1__350_i_4/O
                         net (fo=3, unplaced)         0.192     1.152    g0_b1__350_i_4_n_0
                         LUT2 (Prop_LUT2_I0_O)        0.038     1.190 r  g0_b1__350_i_3/O
                         net (fo=2, unplaced)         0.186     1.376    g0_b1__350_i_3_n_0
                         LUT6 (Prop_LUT6_I5_O)        0.038     1.414 r  g0_b1__350_i_1/O
                         net (fo=2, unplaced)         0.186     1.600    g0_b1__350_i_1_n_0
                         LUT4 (Prop_LUT4_I3_O)        0.038     1.638 r  stage0/g0_b1__350/O
                         net (fo=2, unplaced)         0.186     1.824    stage0/v10305[1]
                         LUT6 (Prop_LUT6_I4_O)        0.038     1.862 r  op_11533/stage1_inp[5449]_i_2/O
                         net (fo=5, unplaced)         0.204     2.066    op_11533/stage1_inp[5449]_i_2_n_0
                         LUT5 (Prop_LUT5_I4_O)        0.038     2.104 r  accum_i_7__14/O
                         net (fo=2, unplaced)         0.186     2.290    accum_i_7__14_n_0
                         LUT5 (Prop_LUT5_I3_O)        0.070     2.360 r  stage1_inp[5449]_i_3/O
                         net (fo=5, unplaced)         0.204     2.564    stage0/v11533_0[4]
                         LUT6 (Prop_LUT6_I5_O)        0.038     2.602 r  stage1_inp[5450]_i_2/O
                         net (fo=2, unplaced)         0.186     2.788    stage1_inp[5450]_i_2_n_0
                         LUT5 (Prop_LUT5_I4_O)        0.070     2.858 r  stage1_inp[5452]_i_2/O
                         net (fo=2, unplaced)         0.186     3.044    stage1_inp[5452]_i_2_n_0
                         LUT3 (Prop_LUT3_I0_O)        0.070     3.114 r  op_12588/stage1_inp[5452]_i_1/O
                         net (fo=1, unplaced)         0.048     3.162    stage0_out[5452]
                         FDRE                                         r  stage1_inp_reg[5452]/D
  -------------------------------------------------------------------    -------------------

                         (clock sys_clk rise edge)    5.000     5.000 r  
                                                      0.000     5.000 r  clk (IN)
                         net (fo=20573, unset)        0.021     5.021    clk
                         FDRE                                         r  stage1_inp_reg[5452]/C
                         clock pessimism              0.000     5.021    
                         clock uncertainty           -0.535     4.486    
                         FDRE (Setup_FDRE_C_D)        0.025     4.511    stage1_inp_reg[5452]
  -------------------------------------------------------------------
                         required time                          4.511    
                         arrival time                          -3.162    
  -------------------------------------------------------------------
                         slack                                  1.349    





Min Delay Paths
--------------------------------------------------------------------------------------
Slack (VIOLATED) :        -0.443ns  (arrival time - required time)
  Source:                 stage2_inp_reg[2969]/C
                            (rising edge-triggered cell FDRE clocked by sys_clk  {rise@0.000ns fall@2.500ns period=5.000ns})
  Destination:            stage3_inp_reg[1011]/D
                            (rising edge-triggered cell FDRE clocked by sys_clk  {rise@0.000ns fall@2.500ns period=5.000ns})
  Path Group:             sys_clk
  Path Type:              Hold (Min at Fast Process Corner)
  Requirement:            0.000ns  (sys_clk rise@0.000ns - sys_clk rise@0.000ns)
  Data Path Delay:        0.109ns  (logic 0.056ns (51.376%)  route 0.053ns (48.624%))
  Logic Levels:           1  (CARRY8=1)
  Clock Path Skew:        0.006ns (DCD - SCD - CPR)
    Destination Clock Delay (DCD):    0.019ns
    Source Clock Delay      (SCD):    0.013ns
    Clock Pessimism Removal (CPR):    -0.000ns
  Clock Uncertainty:      0.500ns  ((TSJ^2 + TIJ^2)^1/2 + DJ) / 2 + PE + UU
    Total System Jitter     (TSJ):    0.000ns
    Total Input Jitter      (TIJ):    0.000ns
    Discrete Jitter          (DJ):    0.000ns
    Phase Error              (PE):    0.000ns
    User Uncertainty         (UU):    0.500ns

    Location             Delay type                Incr(ns)  Path(ns)    Netlist Resource(s)
  -------------------------------------------------------------------    -------------------
                         (clock sys_clk rise edge)    0.000     0.000 r  
                                                      0.000     0.000 r  clk (IN)
                         net (fo=20573, unset)        0.013     0.013    clk
                         FDRE                                         r  stage2_inp_reg[2969]/C
  -------------------------------------------------------------------    -------------------
                         FDRE (Prop_FDRE_C_Q)         0.038     0.051 r  stage2_inp_reg[2969]/Q
                         net (fo=1, unplaced)         0.046     0.097    stage2_inp[2969]
                         CARRY8 (Prop_CARRY8_S[1]_O[1])
                                                      0.018     0.115 r  stage3_inp_reg[1011]_i_1/O[1]
                         net (fo=1, unplaced)         0.007     0.122    stage2_out[1011]
                         FDRE                                         r  stage3_inp_reg[1011]/D
  -------------------------------------------------------------------    -------------------

                         (clock sys_clk rise edge)    0.000     0.000 r  
                                                      0.000     0.000 r  clk (IN)
                         net (fo=20573, unset)        0.019     0.019    clk
                         FDRE                                         r  stage3_inp_reg[1011]/C
                         clock pessimism              0.000     0.019    
                         clock uncertainty            0.500     0.519    
                         FDRE (Hold_FDRE_C_D)         0.046     0.565    stage3_inp_reg[1011]
  -------------------------------------------------------------------
                         required time                         -0.565    
                         arrival time                           0.122    
  -------------------------------------------------------------------
                         slack                                 -0.443    





Pulse Width Checks
--------------------------------------------------------------------------------------
Clock Name:         sys_clk
Waveform(ns):       { 0.000 2.500 }
Period(ns):         5.000
Sources:            { clk }

Check Type        Corner  Lib Pin             Reference Pin  Required(ns)  Actual(ns)  Slack(ns)  Location  Pin
Min Period        n/a     RAMB36E2/CLKARDCLK  n/a            1.355         5.000       3.645                stage7/op_375/readout_reg_0/CLKARDCLK
Low Pulse Width   Slow    RAMB36E2/CLKARDCLK  n/a            0.542         2.500       1.958                stage7/op_375/readout_reg_0/CLKARDCLK
High Pulse Width  Slow    RAMB36E2/CLKARDCLK  n/a            0.542         2.500       1.958                stage7/op_375/readout_reg_0/CLKARDCLK



