Copyright 1986-2022 Xilinx, Inc. All Rights Reserved. Copyright 2022-2025 Advanced Micro Devices, Inc. All Rights Reserved.
------------------------------------------------------------------------------------------------------------------------------------------------------------------------------------------------------------------------------------------------------
| Tool Version      : Vivado v.2025.1 (lin64) Build 6140274 Wed May 21 22:58:25 MDT 2025
| Date              : Mon May 25 22:15:34 2026
| Host              : KHA-PC running 64-bit Ubuntu 25.10
| Command           : report_timing_summary -file /home/kevin/Dev/Imperial/HGQ2-examples/jsc150/masters_results_5/demoB_n32x2_xcau10p/bram_8_6__none/epoch=5406-val_acc=0.805-ebops=27012-val_loss=0.570/output_jsc/reports/jsc_post_place_timing.rpt
| Design            : jsc_dual
| Device            : xcau10p-sbvb484
| Speed File        : -2  PRODUCTION 1.30 03-14-2023
| Design State      : Physopt postPlace
| Temperature Grade : E
------------------------------------------------------------------------------------------------------------------------------------------------------------------------------------------------------------------------------------------------------

Timing Summary Report

------------------------------------------------------------------------------------------------
| Timer Settings
| --------------
------------------------------------------------------------------------------------------------

  Enable Multi Corner Analysis               :  Yes
  Enable Pessimism Removal                   :  Yes
  Pessimism Removal Resolution               :  Nearest Common Node
  Enable Input Delay Default Clock           :  No
  Enable Preset / Clear Arcs                 :  No
  Disable Flight Delays                      :  No
  Ignore I/O Paths                           :  No
  Timing Early Launch at Borrowing Latches   :  No
  Borrow Time for Max Delay Exceptions       :  Yes
  Merge Timing Exceptions                    :  Yes
  Inter-SLR Compensation                     :  Conservative

  Corner  Analyze    Analyze    
  Name    Max Paths  Min Paths  
  ------  ---------  ---------  
  Slow    Yes        Yes        
  Fast    Yes        Yes        


------------------------------------------------------------------------------------------------
| Report Methodology
| ------------------
------------------------------------------------------------------------------------------------

No report available as report_methodology has not been run prior. Run report_methodology on the current design for the summary of methodology violations.



check_timing report

Table of Contents
-----------------
1. checking no_clock (0)
2. checking constant_clock (0)
3. checking pulse_width_clock (0)
4. checking unconstrained_internal_endpoints (0)
5. checking no_input_delay (4452)
6. checking no_output_delay (108)
7. checking multiple_clock (0)
8. checking generated_clocks (0)
9. checking loops (0)
10. checking partial_input_delay (0)
11. checking partial_output_delay (0)
12. checking latch_loops (0)

1. checking no_clock (0)
------------------------
 There are 0 register/latch pins with no clock.


2. checking constant_clock (0)
------------------------------
 There are 0 register/latch pins with constant_clock.


3. checking pulse_width_clock (0)
---------------------------------
 There are 0 register/latch pins which need pulse_width check


4. checking unconstrained_internal_endpoints (0)
------------------------------------------------
 There are 0 pins that are not constrained for maximum delay.

 There are 0 pins that are not constrained for maximum delay due to constant clock.


5. checking no_input_delay (4452)
---------------------------------
 There are 4452 input ports with no input delay specified. (HIGH)

 There are 0 input ports with no input delay but user has a false path constraint.


6. checking no_output_delay (108)
---------------------------------
 There are 108 ports with no output delay specified. (HIGH)

 There are 0 ports with no output delay but user has a false path constraint

 There are 0 ports with no output delay but with a timing clock defined on it or propagating through it


7. checking multiple_clock (0)
------------------------------
 There are 0 register/latch pins with multiple clocks.


8. checking generated_clocks (0)
--------------------------------
 There are 0 generated clocks that are not connected to a clock source.


9. checking loops (0)
---------------------
 There are 0 combinational loops in the design.


10. checking partial_input_delay (0)
------------------------------------
 There are 0 input ports with partial input delay specified.


11. checking partial_output_delay (0)
-------------------------------------
 There are 0 ports with partial output delay specified.


12. checking latch_loops (0)
----------------------------
 There are 0 combinational latch loops in the design through latch input



------------------------------------------------------------------------------------------------
| Design Timing Summary
| ---------------------
------------------------------------------------------------------------------------------------

    WNS(ns)      TNS(ns)  TNS Failing Endpoints  TNS Total Endpoints      WHS(ns)      THS(ns)  THS Failing Endpoints  THS Total Endpoints     WPWS(ns)     TPWS(ns)  TPWS Failing Endpoints  TPWS Total Endpoints  
    -------      -------  ---------------------  -------------------      -------      -------  ---------------------  -------------------     --------     --------  ----------------------  --------------------  
      0.153        0.000                      0                39891        0.018        0.000                      0                39891        0.958        0.000                       0                 42735  


All user specified timing constraints are met.


------------------------------------------------------------------------------------------------
| Clock Summary
| -------------
------------------------------------------------------------------------------------------------

Clock    Waveform(ns)         Period(ns)      Frequency(MHz)
-----    ------------         ----------      --------------
sys_clk  {0.000 1.500}        3.000           333.333         


------------------------------------------------------------------------------------------------
| Intra Clock Table
| -----------------
------------------------------------------------------------------------------------------------

Clock             WNS(ns)      TNS(ns)  TNS Failing Endpoints  TNS Total Endpoints      WHS(ns)      THS(ns)  THS Failing Endpoints  THS Total Endpoints     WPWS(ns)     TPWS(ns)  TPWS Failing Endpoints  TPWS Total Endpoints  
-----             -------      -------  ---------------------  -------------------      -------      -------  ---------------------  -------------------     --------     --------  ----------------------  --------------------  
sys_clk             0.153        0.000                      0                39891        0.018        0.000                      0                39891        0.958        0.000                       0                 42735  


------------------------------------------------------------------------------------------------
| Inter Clock Table
| -----------------
------------------------------------------------------------------------------------------------

From Clock    To Clock          WNS(ns)      TNS(ns)  TNS Failing Endpoints  TNS Total Endpoints      WHS(ns)      THS(ns)  THS Failing Endpoints  THS Total Endpoints  
----------    --------          -------      -------  ---------------------  -------------------      -------      -------  ---------------------  -------------------  


------------------------------------------------------------------------------------------------
| Other Path Groups Table
| -----------------------
------------------------------------------------------------------------------------------------

Path Group    From Clock    To Clock          WNS(ns)      TNS(ns)  TNS Failing Endpoints  TNS Total Endpoints      WHS(ns)      THS(ns)  THS Failing Endpoints  THS Total Endpoints  
----------    ----------    --------          -------      -------  ---------------------  -------------------      -------      -------  ---------------------  -------------------  


------------------------------------------------------------------------------------------------
| Timing Details
| --------------
------------------------------------------------------------------------------------------------


---------------------------------------------------------------------------------------------------
From Clock:  sys_clk
  To Clock:  sys_clk

Setup :            0  Failing Endpoints,  Worst Slack        0.153ns,  Total Violation        0.000ns
Hold  :            0  Failing Endpoints,  Worst Slack        0.018ns,  Total Violation        0.000ns
PW    :            0  Failing Endpoints,  Worst Slack        0.958ns,  Total Violation        0.000ns
---------------------------------------------------------------------------------------------------


Max Delay Paths
--------------------------------------------------------------------------------------
Slack (MET) :             0.153ns  (required time - arrival time)
  Source:                 u1/stage8_inp_reg[0]/C
                            (rising edge-triggered cell FDRE clocked by sys_clk  {rise@0.000ns fall@1.500ns period=3.000ns})
  Destination:            u1/stage9/op_13/readout_reg/ADDRARDADDR[11]
                            (rising edge-triggered cell RAMB18E2 clocked by sys_clk  {rise@0.000ns fall@1.500ns period=3.000ns})
  Path Group:             sys_clk
  Path Type:              Setup (Max at Slow Process Corner)
  Requirement:            3.000ns  (sys_clk rise@3.000ns - sys_clk rise@0.000ns)
  Data Path Delay:        2.544ns  (logic 0.699ns (27.476%)  route 1.845ns (72.524%))
  Logic Levels:           7  (CARRY8=4 LUT2=1 LUT4=1 LUT6=1)
  Clock Path Skew:        0.011ns (DCD - SCD + CPR)
    Destination Clock Delay (DCD):    0.041ns = ( 3.041 - 3.000 ) 
    Source Clock Delay      (SCD):    0.030ns
    Clock Pessimism Removal (CPR):    0.000ns
  Clock Uncertainty:      0.035ns  ((TSJ^2 + TIJ^2)^1/2 + DJ) / 2 + PE + UU
    Total System Jitter     (TSJ):    0.071ns
    Total Input Jitter      (TIJ):    0.000ns
    Discrete Jitter          (DJ):    0.000ns
    Phase Error              (PE):    0.000ns
    User Uncertainty         (UU):    0.000ns

    Location             Delay type                Incr(ns)  Path(ns)    Netlist Resource(s)
  -------------------------------------------------------------------    -------------------
                         (clock sys_clk rise edge)    0.000     0.000 r  
                                                      0.000     0.000 r  clk (IN)
                         net (fo=42734, unset)        0.030     0.030    clk
    SLICE_X24Y126        FDRE                                         r  u1/stage8_inp_reg[0]/C
  -------------------------------------------------------------------    -------------------
    SLICE_X24Y126        FDRE (Prop_AFF_SLICEM_C_Q)
                                                      0.077     0.107 r  u1/stage8_inp_reg[0]/Q
                         net (fo=1, estimated)        0.295     0.402    u1/stage8_inp_reg_n_0_[0]
    SLICE_X22Y126        CARRY8 (Prop_CARRY8_SLICEL_S[0]_O[0])
                                                      0.063     0.465 r  u1/stage8/op_2/accum_carry/O[0]
                         net (fo=1, estimated)        0.340     0.805    u1/stage8/op_2/accum_carry_n_15
    SLICE_X19Y126        CARRY8 (Prop_CARRY8_SLICEM_S[0]_O[5])
                                                      0.240     1.045 r  u1/stage8/op_10/accum_carry/O[5]
                         net (fo=1, estimated)        0.452     1.497    u1/out__0[5]
    SLICE_X16Y129        LUT2 (Prop_F6LUT_SLICEL_I1_O)
                                                      0.035     1.532 r  accum_carry_i_3__443/O
                         net (fo=1, routed)           0.011     1.543    accum_carry_i_3__443_n_0
    SLICE_X16Y129        CARRY8 (Prop_CARRY8_SLICEL_S[5]_CO[7])
                                                      0.155     1.698 r  u1/stage8/op_19/accum_carry/CO[7]
                         net (fo=1, estimated)        0.026     1.724    u1/stage8/op_19/accum_carry_n_0
    SLICE_X16Y130        CARRY8 (Prop_CARRY8_SLICEL_CI_O[0])
                                                      0.056     1.780 r  u1/stage8/op_19/accum_carry__0/O[0]
                         net (fo=17, estimated)       0.226     2.006    u1/stage8/op_19/accum_carry__0_n_15
    SLICE_X16Y128        LUT6 (Prop_D6LUT_SLICEL_I5_O)
                                                      0.036     2.042 r  readout_reg_i_9__117/O
                         net (fo=3, estimated)        0.354     2.396    readout_reg_i_9__117_n_0
    SLICE_X6Y129         LUT4 (Prop_C6LUT_SLICEM_I1_O)
                                                      0.037     2.433 r  readout_reg_i_1__116/O
                         net (fo=2, estimated)        0.141     2.574    readout_reg_i_1__116_n_0
    RAMB18_X0Y51         RAMB18E2                                     r  u1/stage9/op_13/readout_reg/ADDRARDADDR[11]
  -------------------------------------------------------------------    -------------------

                         (clock sys_clk rise edge)    3.000     3.000 r  
                                                      0.000     3.000 r  clk (IN)
                         net (fo=42734, unset)        0.041     3.041    clk
    RAMB18_X0Y51         RAMB18E2                                     r  u1/stage9/op_13/readout_reg/CLKARDCLK
                         clock pessimism              0.000     3.041    
                         clock uncertainty           -0.035     3.006    
    RAMB18_X0Y51         RAMB18E2 (Setup_RAMB18E2_U_RAMB181_CLKARDCLK_ADDRARDADDR[11])
                                                     -0.279     2.727    u1/stage9/op_13/readout_reg
  -------------------------------------------------------------------
                         required time                          2.727    
                         arrival time                          -2.574    
  -------------------------------------------------------------------
                         slack                                  0.153    





Min Delay Paths
--------------------------------------------------------------------------------------
Slack (MET) :             0.018ns  (arrival time - required time)
  Source:                 u0/stage5/v209_reg[9]__0/C
                            (rising edge-triggered cell FDRE clocked by sys_clk  {rise@0.000ns fall@1.500ns period=3.000ns})
  Destination:            u0/stage9/v142_reg[9]_srl4/D
                            (rising edge-triggered cell SRL16E clocked by sys_clk  {rise@0.000ns fall@1.500ns period=3.000ns})
  Path Group:             sys_clk
  Path Type:              Hold (Min at Fast Process Corner)
  Requirement:            0.000ns  (sys_clk rise@0.000ns - sys_clk rise@0.000ns)
  Data Path Delay:        0.090ns  (logic 0.039ns (43.333%)  route 0.051ns (56.667%))
  Logic Levels:           0  
  Clock Path Skew:        0.027ns (DCD - SCD - CPR)
    Destination Clock Delay (DCD):    0.039ns
    Source Clock Delay      (SCD):    0.012ns
    Clock Pessimism Removal (CPR):    -0.000ns

    Location             Delay type                Incr(ns)  Path(ns)    Netlist Resource(s)
  -------------------------------------------------------------------    -------------------
                         (clock sys_clk rise edge)    0.000     0.000 r  
                                                      0.000     0.000 r  clk (IN)
                         net (fo=42734, unset)        0.012     0.012    clk
    SLICE_X45Y45         FDRE                                         r  u0/stage5/v209_reg[9]__0/C
  -------------------------------------------------------------------    -------------------
    SLICE_X45Y45         FDRE (Prop_BFF_SLICEL_C_Q)
                                                      0.039     0.051 r  u0/stage5/v209_reg[9]__0/Q
                         net (fo=1, estimated)        0.051     0.102    u0/stage5/v209_reg[9]__0_n_0
    SLICE_X44Y45         SRL16E                                       r  u0/stage9/v142_reg[9]_srl4/D
  -------------------------------------------------------------------    -------------------

                         (clock sys_clk rise edge)    0.000     0.000 r  
                                                      0.000     0.000 r  clk (IN)
                         net (fo=42734, unset)        0.039     0.039    clk
    SLICE_X44Y45         SRL16E                                       r  u0/stage9/v142_reg[9]_srl4/CLK
                         clock pessimism              0.000     0.039    
    SLICE_X44Y45         SRL16E (Hold_B5LUT_SLICEM_CLK_D)
                                                      0.045     0.084    u0/stage9/v142_reg[9]_srl4
  -------------------------------------------------------------------
                         required time                         -0.084    
                         arrival time                           0.102    
  -------------------------------------------------------------------
                         slack                                  0.018    





Pulse Width Checks
--------------------------------------------------------------------------------------
Clock Name:         sys_clk
Waveform(ns):       { 0.000 1.500 }
Period(ns):         3.000
Sources:            { clk }

Check Type        Corner  Lib Pin             Reference Pin  Required(ns)  Actual(ns)  Slack(ns)  Location      Pin
Min Period        n/a     RAMB18E2/CLKARDCLK  n/a            1.355         3.000       1.645      RAMB18_X2Y24  u0/stage1/op_1/readout_reg/CLKARDCLK
Low Pulse Width   Slow    RAMB18E2/CLKARDCLK  n/a            0.542         1.500       0.958      RAMB18_X2Y24  u0/stage1/op_1/readout_reg/CLKARDCLK
High Pulse Width  Slow    RAMB18E2/CLKARDCLK  n/a            0.542         1.500       0.958      RAMB18_X2Y24  u0/stage1/op_1/readout_reg/CLKARDCLK



