Copyright 1986-2022 Xilinx, Inc. All Rights Reserved. Copyright 2022-2025 Advanced Micro Devices, Inc. All Rights Reserved.
-----------------------------------------------------------------------------------------------------------------------------------------------------------------------------------------------------------------------------------------------------------
| Tool Version      : Vivado v.2025.1 (lin64) Build 6140274 Wed May 21 22:58:25 MDT 2025
| Date              : Mon May 25 22:11:21 2026
| Host              : KHA-PC running 64-bit Ubuntu 25.10
| Command           : report_timing_summary -file /home/kevin/Dev/Imperial/HGQ2-examples/jsc150/masters_results_5/demoA_n64_xcau7p/bram_6_8__bo15_clocked/epoch=4433-val_acc=0.817-ebops=40646-val_loss=0.534/output_jsc/reports/jsc_post_place_timing.rpt
| Design            : jsc
| Device            : xcau7p-sbvc484
| Speed File        : -2  PRODUCTION 1.04 04-20-2024
| Design State      : Physopt postPlace
| Temperature Grade : E
-----------------------------------------------------------------------------------------------------------------------------------------------------------------------------------------------------------------------------------------------------------

Timing Summary Report

------------------------------------------------------------------------------------------------
| Timer Settings
| --------------
------------------------------------------------------------------------------------------------

  Enable Multi Corner Analysis               :  Yes
  Enable Pessimism Removal                   :  Yes
  Pessimism Removal Resolution               :  Nearest Common Node
  Enable Input Delay Default Clock           :  No
  Enable Preset / Clear Arcs                 :  No
  Disable Flight Delays                      :  No
  Ignore I/O Paths                           :  No
  Timing Early Launch at Borrowing Latches   :  No
  Borrow Time for Max Delay Exceptions       :  Yes
  Merge Timing Exceptions                    :  Yes
  Inter-SLR Compensation                     :  Conservative

  Corner  Analyze    Analyze    
  Name    Max Paths  Min Paths  
  ------  ---------  ---------  
  Slow    Yes        Yes        
  Fast    Yes        Yes        


------------------------------------------------------------------------------------------------
| Report Methodology
| ------------------
------------------------------------------------------------------------------------------------

No report available as report_methodology has not been run prior. Run report_methodology on the current design for the summary of methodology violations.



check_timing report

Table of Contents
-----------------
1. checking no_clock (0)
2. checking constant_clock (0)
3. checking pulse_width_clock (0)
4. checking unconstrained_internal_endpoints (0)
5. checking no_input_delay (0)
6. checking no_output_delay (0)
7. checking multiple_clock (0)
8. checking generated_clocks (0)
9. checking loops (0)
10. checking partial_input_delay (0)
11. checking partial_output_delay (0)
12. checking latch_loops (0)

1. checking no_clock (0)
------------------------
 There are 0 register/latch pins with no clock.


2. checking constant_clock (0)
------------------------------
 There are 0 register/latch pins with constant_clock.


3. checking pulse_width_clock (0)
---------------------------------
 There are 0 register/latch pins which need pulse_width check


4. checking unconstrained_internal_endpoints (0)
------------------------------------------------
 There are 0 pins that are not constrained for maximum delay.

 There are 0 pins that are not constrained for maximum delay due to constant clock.


5. checking no_input_delay (0)
------------------------------
 There are 0 input ports with no input delay specified.

 There are 0 input ports with no input delay but user has a false path constraint.


6. checking no_output_delay (0)
-------------------------------
 There are 0 ports with no output delay specified.

 There are 0 ports with no output delay but user has a false path constraint

 There are 0 ports with no output delay but with a timing clock defined on it or propagating through it


7. checking multiple_clock (0)
------------------------------
 There are 0 register/latch pins with multiple clocks.


8. checking generated_clocks (0)
--------------------------------
 There are 0 generated clocks that are not connected to a clock source.


9. checking loops (0)
---------------------
 There are 0 combinational loops in the design.


10. checking partial_input_delay (0)
------------------------------------
 There are 0 input ports with partial input delay specified.


11. checking partial_output_delay (0)
-------------------------------------
 There are 0 ports with partial output delay specified.


12. checking latch_loops (0)
----------------------------
 There are 0 combinational latch loops in the design through latch input



------------------------------------------------------------------------------------------------
| Design Timing Summary
| ---------------------
------------------------------------------------------------------------------------------------

    WNS(ns)      TNS(ns)  TNS Failing Endpoints  TNS Total Endpoints      WHS(ns)      THS(ns)  THS Failing Endpoints  THS Total Endpoints     WPWS(ns)     TPWS(ns)  TPWS Failing Endpoints  TPWS Total Endpoints  
    -------      -------  ---------------------  -------------------      -------      -------  ---------------------  -------------------     --------     --------  ----------------------  --------------------  
      0.026        0.000                      0                49436        0.019        0.000                      0                49436        0.958        0.000                       0                 40642  


All user specified timing constraints are met.


------------------------------------------------------------------------------------------------
| Clock Summary
| -------------
------------------------------------------------------------------------------------------------

Clock    Waveform(ns)         Period(ns)      Frequency(MHz)
-----    ------------         ----------      --------------
sys_clk  {0.000 1.500}        3.000           333.333         


------------------------------------------------------------------------------------------------
| Intra Clock Table
| -----------------
------------------------------------------------------------------------------------------------

Clock             WNS(ns)      TNS(ns)  TNS Failing Endpoints  TNS Total Endpoints      WHS(ns)      THS(ns)  THS Failing Endpoints  THS Total Endpoints     WPWS(ns)     TPWS(ns)  TPWS Failing Endpoints  TPWS Total Endpoints  
-----             -------      -------  ---------------------  -------------------      -------      -------  ---------------------  -------------------     --------     --------  ----------------------  --------------------  
sys_clk             0.026        0.000                      0                49436        0.019        0.000                      0                49436        0.958        0.000                       0                 40642  


------------------------------------------------------------------------------------------------
| Inter Clock Table
| -----------------
------------------------------------------------------------------------------------------------

From Clock    To Clock          WNS(ns)      TNS(ns)  TNS Failing Endpoints  TNS Total Endpoints      WHS(ns)      THS(ns)  THS Failing Endpoints  THS Total Endpoints  
----------    --------          -------      -------  ---------------------  -------------------      -------      -------  ---------------------  -------------------  


------------------------------------------------------------------------------------------------
| Other Path Groups Table
| -----------------------
------------------------------------------------------------------------------------------------

Path Group    From Clock    To Clock          WNS(ns)      TNS(ns)  TNS Failing Endpoints  TNS Total Endpoints      WHS(ns)      THS(ns)  THS Failing Endpoints  THS Total Endpoints  
----------    ----------    --------          -------      -------  ---------------------  -------------------      -------      -------  ---------------------  -------------------  


------------------------------------------------------------------------------------------------
| Timing Details
| --------------
------------------------------------------------------------------------------------------------


---------------------------------------------------------------------------------------------------
From Clock:  sys_clk
  To Clock:  sys_clk

Setup :            0  Failing Endpoints,  Worst Slack        0.026ns,  Total Violation        0.000ns
Hold  :            0  Failing Endpoints,  Worst Slack        0.019ns,  Total Violation        0.000ns
PW    :            0  Failing Endpoints,  Worst Slack        0.958ns,  Total Violation        0.000ns
---------------------------------------------------------------------------------------------------


Max Delay Paths
--------------------------------------------------------------------------------------
Slack (MET) :             0.026ns  (required time - arrival time)
  Source:                 stage10_inp_reg[74]_fret__3/C
                            (rising edge-triggered cell FDRE clocked by sys_clk  {rise@0.000ns fall@1.500ns period=3.000ns})
  Destination:            stage11/op_197/is_add.accum_reg/DSP_OUTPUT_INST/ALU_OUT[11]
                            (rising edge-triggered cell DSP_OUTPUT clocked by sys_clk  {rise@0.000ns fall@1.500ns period=3.000ns})
  Path Group:             sys_clk
  Path Type:              Setup (Max at Slow Process Corner)
  Requirement:            3.000ns  (sys_clk rise@3.000ns - sys_clk rise@0.000ns)
  Data Path Delay:        2.968ns  (logic 1.425ns (48.012%)  route 1.543ns (51.988%))
  Logic Levels:           9  (CARRY8=2 DSP_ALU=1 DSP_C_DATA=1 LUT2=2 LUT4=1 LUT5=1 LUT6=1)
  Clock Path Skew:        0.014ns (DCD - SCD + CPR)
    Destination Clock Delay (DCD):    0.043ns = ( 3.043 - 3.000 ) 
    Source Clock Delay      (SCD):    0.029ns
    Clock Pessimism Removal (CPR):    0.000ns
  Clock Uncertainty:      0.035ns  ((TSJ^2 + TIJ^2)^1/2 + DJ) / 2 + PE + UU
    Total System Jitter     (TSJ):    0.071ns
    Total Input Jitter      (TIJ):    0.000ns
    Discrete Jitter          (DJ):    0.000ns
    Phase Error              (PE):    0.000ns
    User Uncertainty         (UU):    0.000ns

    Location             Delay type                Incr(ns)  Path(ns)    Netlist Resource(s)
  -------------------------------------------------------------------    -------------------
                         (clock sys_clk rise edge)    0.000     0.000 r  
                                                      0.000     0.000 r  clk (IN)
                         net (fo=41381, unset)        0.029     0.029    clk
    SLICE_X12Y61         FDRE                                         r  stage10_inp_reg[74]_fret__3/C
  -------------------------------------------------------------------    -------------------
    SLICE_X12Y61         FDRE (Prop_FFF2_SLICEL_C_Q)
                                                      0.081     0.110 r  stage10_inp_reg[74]_fret__3/Q
                         net (fo=2, estimated)        0.153     0.263    stage10_inp_reg[74]_fret__3_n_0
    SLICE_X12Y57         LUT2 (Prop_A6LUT_SLICEL_I0_O)
                                                      0.050     0.313 r  stage10/op_75/v135_d[7]_i_18/O
                         net (fo=1, routed)           0.009     0.322    stage10/op_75/v135_d[7]_i_18_n_0
    SLICE_X12Y57         CARRY8 (Prop_CARRY8_SLICEL_S[0]_O[2])
                                                      0.132     0.454 r  stage10/op_75/v135_d_reg[7]_i_4/O[2]
                         net (fo=1, estimated)        0.230     0.684    stage10/op_75/v135_d_reg[7]_i_4_n_13
    SLICE_X13Y57         LUT2 (Prop_C6LUT_SLICEM_I1_O)
                                                      0.037     0.721 r  stage10/op_75/v135_d[7]_i_9/O
                         net (fo=1, routed)           0.021     0.742    stage10/op_75/v135_d[7]_i_9_n_0
    SLICE_X13Y57         CARRY8 (Prop_CARRY8_SLICEM_S[2]_O[5])
                                                      0.200     0.942 r  stage10/op_75/v135_d_reg[7]_i_3/O[5]
                         net (fo=3, estimated)        0.155     1.097    stage10/op_75/v135_d_reg[7]_i_3_n_10
    SLICE_X14Y57         LUT6 (Prop_H6LUT_SLICEL_I0_O)
                                                      0.150     1.247 r  v135_d[7]_i_2/O
                         net (fo=4, estimated)        0.099     1.346    v135_d[7]_i_2_n_0
    SLICE_X14Y57         LUT4 (Prop_C6LUT_SLICEL_I1_O)
                                                      0.050     1.396 r  v135_d[11]_i_2/O
                         net (fo=4, estimated)        0.095     1.491    v135_d[11]_i_2_n_0
    SLICE_X14Y57         LUT5 (Prop_F6LUT_SLICEL_I0_O)
                                                      0.035     1.526 r  v135_d[11]_i_1/O
                         net (fo=40, estimated)       0.781     2.307    stage11/op_197/is_add.accum_reg/C[11]
    DSP48E2_X1Y43        DSP_C_DATA (Prop_DSP_C_DATA_DSP48E2_C[11]_C_DATA[11])
                                                      0.105     2.412 r  stage11/op_197/is_add.accum_reg/DSP_C_DATA_INST/C_DATA[11]
                         net (fo=2, routed)           0.000     2.412    stage11/op_197/is_add.accum_reg/DSP_C_DATA.C_DATA<11>
    DSP48E2_X1Y43        DSP_ALU (Prop_DSP_ALU_DSP48E2_C_DATA[11]_ALU_OUT[11])
                                                      0.585     2.997 r  stage11/op_197/is_add.accum_reg/DSP_ALU_INST/ALU_OUT[11]
                         net (fo=1, routed)           0.000     2.997    stage11/op_197/is_add.accum_reg/DSP_ALU.ALU_OUT<11>
    DSP48E2_X1Y43        DSP_OUTPUT                                   r  stage11/op_197/is_add.accum_reg/DSP_OUTPUT_INST/ALU_OUT[11]
  -------------------------------------------------------------------    -------------------

                         (clock sys_clk rise edge)    3.000     3.000 r  
                                                      0.000     3.000 r  clk (IN)
                         net (fo=41381, unset)        0.043     3.043    stage11/op_197/is_add.accum_reg/CLK
    DSP48E2_X1Y43        DSP_OUTPUT                                   r  stage11/op_197/is_add.accum_reg/DSP_OUTPUT_INST/CLK
                         clock pessimism              0.000     3.043    
                         clock uncertainty           -0.035     3.008    
    DSP48E2_X1Y43        DSP_OUTPUT (Setup_DSP_OUTPUT_DSP48E2_CLK_ALU_OUT[11])
                                                      0.015     3.023    stage11/op_197/is_add.accum_reg/DSP_OUTPUT_INST
  -------------------------------------------------------------------
                         required time                          3.023    
                         arrival time                          -2.997    
  -------------------------------------------------------------------
                         slack                                  0.026    





Min Delay Paths
--------------------------------------------------------------------------------------
Slack (MET) :             0.019ns  (arrival time - required time)
  Source:                 stage1/v1341_reg[3]/C
                            (rising edge-triggered cell FDRE clocked by sys_clk  {rise@0.000ns fall@1.500ns period=3.000ns})
  Destination:            stage2_inp_reg[6123]/D
                            (rising edge-triggered cell FDRE clocked by sys_clk  {rise@0.000ns fall@1.500ns period=3.000ns})
  Path Group:             sys_clk
  Path Type:              Hold (Min at Fast Process Corner)
  Requirement:            0.000ns  (sys_clk rise@0.000ns - sys_clk rise@0.000ns)
  Data Path Delay:        0.072ns  (logic 0.039ns (54.167%)  route 0.033ns (45.833%))
  Logic Levels:           0  
  Clock Path Skew:        0.006ns (DCD - SCD - CPR)
    Destination Clock Delay (DCD):    0.018ns
    Source Clock Delay      (SCD):    0.012ns
    Clock Pessimism Removal (CPR):    -0.000ns

    Location             Delay type                Incr(ns)  Path(ns)    Netlist Resource(s)
  -------------------------------------------------------------------    -------------------
                         (clock sys_clk rise edge)    0.000     0.000 r  
                                                      0.000     0.000 r  clk (IN)
                         net (fo=41381, unset)        0.012     0.012    clk
    SLICE_X24Y72         FDRE                                         r  stage1/v1341_reg[3]/C
  -------------------------------------------------------------------    -------------------
    SLICE_X24Y72         FDRE (Prop_BFF_SLICEL_C_Q)
                                                      0.039     0.051 r  stage1/v1341_reg[3]/Q
                         net (fo=1, estimated)        0.033     0.084    stage1_out__0[6123]
    SLICE_X24Y72         FDRE                                         r  stage2_inp_reg[6123]/D
  -------------------------------------------------------------------    -------------------

                         (clock sys_clk rise edge)    0.000     0.000 r  
                                                      0.000     0.000 r  clk (IN)
                         net (fo=41381, unset)        0.018     0.018    clk
    SLICE_X24Y72         FDRE                                         r  stage2_inp_reg[6123]/C
                         clock pessimism              0.000     0.018    
    SLICE_X24Y72         FDRE (Hold_CFF2_SLICEL_C_D)
                                                      0.047     0.065    stage2_inp_reg[6123]
  -------------------------------------------------------------------
                         required time                         -0.065    
                         arrival time                           0.084    
  -------------------------------------------------------------------
                         slack                                  0.019    





Pulse Width Checks
--------------------------------------------------------------------------------------
Clock Name:         sys_clk
Waveform(ns):       { 0.000 1.500 }
Period(ns):         3.000
Sources:            { clk }

Check Type        Corner  Lib Pin             Reference Pin  Required(ns)  Actual(ns)  Slack(ns)  Location      Pin
Min Period        n/a     RAMB18E2/CLKARDCLK  n/a            1.355         3.000       1.645      RAMB18_X2Y16  stage1/op_1/readout_reg/CLKARDCLK
Low Pulse Width   Slow    RAMB18E2/CLKARDCLK  n/a            0.542         1.500       0.958      RAMB18_X2Y16  stage1/op_1/readout_reg/CLKARDCLK
High Pulse Width  Slow    RAMB18E2/CLKARDCLK  n/a            0.542         1.500       0.958      RAMB18_X2Y16  stage1/op_1/readout_reg/CLKARDCLK



